
<!DOCTYPE html>
<html>


<head>
	<meta charset='utf-8' /> 
	<meta name='description' content='' />
	<meta name='robots' content='noodp, noydir' />
	<meta name='viewport' content='width=device-width, initial-scale=1' />
	<meta id="timeStampFormat" name="timeStampFormat" content='MMM d, yyyy hh:mm:ss a'/>
	
	<link href='https://fonts.googleapis.com/css?family=Source+Sans+Pro:400,600' rel='stylesheet' type='text/css'>
	<link href="https://fonts.googleapis.com/icon?family=Material+Icons" rel="stylesheet">

		<link href='https://cdn.rawgit.com/anshooarora/extentreports-java/6d3843c29c354373fafad29c03a1a89b7e06c374/dist/css/extent.css' type='text/css' rel='stylesheet' />
	
	<title>ExtentReports</title>

</head>

	<body class='extent standard default hide-overflow '>
		<div id='theme-selector' alt='Click to toggle theme. To enable by default, use theme configuration.' title='Click to toggle theme. To enable by default, use theme configuration.'>
			<span><i class='material-icons'>desktop_windows</i></span>
		</div>

<nav>
	<div class="nav-wrapper">
		<a href="#!" class="brand-logo blue darken-3">Extent</a>

		<!-- slideout menu -->
		<ul id='slide-out' class='side-nav fixed hide-on-med-and-down'>
			<li class='waves-effect active'><a href='#!' view='test-view' onclick="configureView(0);chartsView('test');"><i class='material-icons'>dashboard</i></a></li>
						<li class='waves-effect'><a href='#!' view='category-view' onclick="configureView(1)"><i class='material-icons'>label_outline</i></a></li>
			<li class='waves-effect'><a href='#!' view='exception-view' onclick="configureView(2)"><i class='material-icons'>bug_report</i></a></li>
			<li class='waves-effect'><a href='#!' onclick="configureView(-1);chartsView('dashboard');" view='dashboard-view'><i class='material-icons'>track_changes</i></i></a></li>
		</ul>

		<!-- report name -->
		<span class='report-name'>ExtentReports</span>
		
		<!-- report headline -->
		<span class='report-headline'></span>

		<!-- nav-right -->
		<ul id='nav-mobile' class='right hide-on-med-and-down nav-right'>
			<li>
                <a href='#!'>
                    <span class='label suite-start-time blue darken-3'>Feb 26, 2019 03:31:56 PM</span>
				</a>
			</li>
			<li>
                <a href='#!'>
                    <span class='label blue darken-3'>v3.0.6</span>
				</a>
			</li>
		</ul>
	</div>
</nav>

		<!-- container -->
		<div class='container'>

<div id='test-view' class='view'>
				
	<section id='controls'>
		<div class='controls grey lighten-4'>
			<!-- test toggle -->
			<div class='chip transparent'>
				<a class='dropdown-button tests-toggle' data-activates='tests-toggle' data-constrainwidth='true' data-beloworigin='true' data-hover='true' href='#'>
					<i class='material-icons'>warning</i> Status
				</a>
				<ul id='tests-toggle' class='dropdown-content'>
											<li status='pass'><a href='#!'>Pass <i class='material-icons green-text'>check_circle</i></a></li>
						<li status='fail'><a href='#!'>Fail <i class='material-icons red-text'>cancel</i></a></li>
						<li status='skip'><a href='#!'>Skip <i class='material-icons cyan-text'>redo</i></a></li>
					<li class='divider'></li>
					<li status='clear' clear='true'><a href='#!'>Clear Filters <i class='material-icons'>clear</i></a></li>
				</ul>
			</div>
			<!-- test toggle -->

			<!-- category toggle -->
			<div class='chip transparent'>
				<a class='dropdown-button category-toggle' data-activates='category-toggle' data-constrainwidth='false' data-beloworigin='true' data-hover='true' href='#'>
					<i class='material-icons'>local_offer</i> Category
				</a>
				<ul id='category-toggle' class='dropdown-content'>
					<li><a href='#'>@tag</a></li>
					<li><a href='#'>@tag1</a></li>
					<li><a href='#'>@smoke</a></li>
					<li><a href='#'>@USHotel12</a></li>
					<li><a href='#'>@US0004</a></li>
					<li><a href='#'>@Regression</a></li>
					<li><a href='#'>@Sprint1</a></li>
					<li><a href='#'>@Smoke</a></li>
					<li><a href='#'>@bookaflight</a></li>
					<li><a href='#'>@hotels</a></li>
					<li><a href='#'>@error</a></li>
					<li class='divider'></li>
					<li class='clear'><a href='#!' clear='true'>Clear Filters</a></li>
				</ul>
			</div>
			<!-- category toggle -->

			<!-- clear filters -->
			<div class='chip transparent hide'>
				<a class='' id='clear-filters' alt='Clear Filters' title='Clear Filters'>
					<i class='material-icons'>close</i> Clear
				</a>
			</div>
			<!-- clear filters -->

			<!-- enable dashboard -->
			<div id='toggle-test-view-charts' class='chip transparent'>
				<a class='pink-text' id='enable-dashboard' alt='Enable Dashboard' title='Enable Dashboard'>
					<i class='material-icons'>track_changes</i> Dashboard
				</a>
			</div>
			<!-- enable dashboard -->

			<!-- search -->
			<div class='chip transparent' alt='Search Tests' title='Search Tests'>
				<a href="#" class='search-div'>
					<i class='material-icons'>search</i> Search
				</a>

				<div class='input-field left hide'>
					<input id='search-tests' type='text' class='validate browser-default' placeholder='Search Tests...'>
				</div>
				
			</div>
			<!-- search -->
		</div>
	</section>


<div id='test-view-charts' class='subview-full'>
	<div id='charts-row' class='row nm-v nm-h'>
		<div class='col s12 m6 l6 np-h'>
			<div class='card-panel nm-v'>
				<div class='left panel-name'>Tests</div>
				<div class='chart-box'>
					<canvas id='parent-analysis' width='100' height='80'></canvas>
				</div>
				<div class='block text-small'>
					<span class='tooltipped' data-position='top' data-tooltip='64.706%'><span class='strong'>33</span> test(s) passed</span>
				</div>
				<div class='block text-small'>
					<span class='strong tooltipped' data-position='top' data-tooltip='11.765%'>6</span> test(s) failed, <span class='strong tooltipped' data-position='top' data-tooltip='23.529%'>12</span> others
				</div>
			</div>
		</div>
		
		<div class='col s12 m6 l6 np-h'>
			<div class='card-panel nm-v'>
				<div class='left panel-name'>Steps</div>
				<div class='chart-box'>
					<canvas id='child-analysis' width='100' height='80'></canvas>
				</div>
				<div class='block text-small'>
					<span class='tooltipped' data-position='top' data-tooltip='67.257%'><span class='strong'>76</span> step(s) passed</span>
				</div>
				<div class='block text-small'>
					<span class='strong tooltipped' data-position='top' data-tooltip='10.619%'>12</span> step(s) failed, <span class='strong tooltipped' data-position='top' data-tooltip='22.124%'>25</span> others
				</div>
			</div>
		</div>
		
	</div>
</div>

	<div class='subview-left left'>
		
		<div class='view-summary'>
			<h5>Tests</h5>
			<ul id='test-collection' class='test-collection'>
				
				
				<li class='test displayed active has-leaf pass' status='pass' bdd='false' test-id='1'>
					<div class='test-heading'>
						<span class='test-name'>To verify the list of aircrafts under aircraft module</span>
						<span class='test-time'>Feb 26, 2019 03:31:56 PM</span>
						<span class='test-status right pass'>pass</span>
					</div>
					<div class='test-content hide'>
<div class='test-time-info'>
	<span class='label start-time'>Feb 26, 2019 03:31:56 PM</span>
	<span class='label end-time'>Feb 26, 2019 03:32:27 PM</span>
	<span class='label time-taken grey lighten-1 white-text'>0h 0m 30s+802ms</span>
</div>
	<div class='test-attributes'>
			<div class='category-list'>
				<span class='category label white-text'>@tag</span>
			</div>
	</div>
	<ul class='collapsible node-list' data-collapsible='accordion'>
		
				<li class='node level-1  pass' status='pass' test-id='2'>
					<div class='collapsible-header'>
						<div class='node-name'>Scenario: To verify the list of boeing aircrafts</div>						
						<span class='node-time'>Feb 26, 2019 03:31:56 PM</span>
						<span class='node-duration'>0h 0m 30s+786ms</span>
						<span class='test-status right pass'>pass</span>
					</div>
						<ul class='collapsible node-list' data-collapsible='accordion'>
				<li class='node level-2 leaf pass' status='pass' test-id='3'>
					<div class='collapsible-header'>
						<div class='node-name'>Given The User is in Delta homepage</div>						
						<span class='node-time'>Feb 26, 2019 03:32:00 PM</span>
						<span class='node-duration'>0h 0m 7s+598ms</span>
						<span class='test-status right pass'>pass</span>
					</div>
						<div class='collapsible-body'>
								<div class='node-steps'>
									<table class='bordered table-results'>
										<thead>
											<tr>
												<th>Status</th>
												<th>Timestamp</th>
												<th>Details</th>
											</tr>
										</thead>
										<tbody>
												<tr class='log' status='pass'>
													<td class='status pass' title='pass' alt='pass'><i class='material-icons'>check_circle</i></td>
													<td class='timestamp'>3:32:08 PM</td>
													<td class='step-details'>passed</td>
												</tr>
										</tbody>
									</table>
								</div>
						</div>
				</li>
				<li class='node level-2 leaf pass' status='pass' test-id='4'>
					<div class='collapsible-header'>
						<div class='node-name'>And The user navigates to aircraft section under travel info</div>						
						<span class='node-time'>Feb 26, 2019 03:32:08 PM</span>
						<span class='node-duration'>0h 0m 10s+512ms</span>
						<span class='test-status right pass'>pass</span>
					</div>
						<div class='collapsible-body'>
								<div class='node-steps'>
									<table class='bordered table-results'>
										<thead>
											<tr>
												<th>Status</th>
												<th>Timestamp</th>
												<th>Details</th>
											</tr>
										</thead>
										<tbody>
												<tr class='log' status='pass'>
													<td class='status pass' title='pass' alt='pass'><i class='material-icons'>check_circle</i></td>
													<td class='timestamp'>3:32:08 PM</td>
													<td class='step-details'>[[ChromeDriver: chrome on XP (e9f502ce7423a3c63f9d595dcd082636)] -> xpath: (//a[text()='Travel Info '])[1]]element is clicked successfully</td>
												</tr>
												<tr class='log' status='pass'>
													<td class='status pass' title='pass' alt='pass'><i class='material-icons'>check_circle</i></td>
													<td class='timestamp'>3:32:18 PM</td>
													<td class='step-details'>Proxy element for: DefaultElementLocator 'By.id: secondary-static-link-9'element is clicked successfully</td>
												</tr>
												<tr class='log' status='pass'>
													<td class='status pass' title='pass' alt='pass'><i class='material-icons'>check_circle</i></td>
													<td class='timestamp'>3:32:18 PM</td>
													<td class='step-details'>passed</td>
												</tr>
										</tbody>
									</table>
								</div>
						</div>
				</li>
				<li class='node level-2 leaf pass' status='pass' test-id='5'>
					<div class='collapsible-header'>
						<div class='node-name'>When The user selects the boeing under our aircraft section</div>						
						<span class='node-time'>Feb 26, 2019 03:32:18 PM</span>
						<span class='node-duration'>0h 0m 5s+568ms</span>
						<span class='test-status right pass'>pass</span>
					</div>
						<div class='collapsible-body'>
								<div class='node-steps'>
									<table class='bordered table-results'>
										<thead>
											<tr>
												<th>Status</th>
												<th>Timestamp</th>
												<th>Details</th>
											</tr>
										</thead>
										<tbody>
												<tr class='log' status='pass'>
													<td class='status pass' title='pass' alt='pass'><i class='material-icons'>check_circle</i></td>
													<td class='timestamp'>3:32:19 PM</td>
													<td class='step-details'>[[ChromeDriver: chrome on XP (e9f502ce7423a3c63f9d595dcd082636)] -> xpath: //a[contains(text(),'Our Aircraft ')]]element is clicked successfully</td>
												</tr>
												<tr class='log' status='pass'>
													<td class='status pass' title='pass' alt='pass'><i class='material-icons'>check_circle</i></td>
													<td class='timestamp'>3:32:24 PM</td>
													<td class='step-details'>Proxy element for: DefaultElementLocator 'By.xpath: //a[contains(text(),'Boeing') and @class='nav-item nav-item-drawer-link ']'element is clicked successfully</td>
												</tr>
												<tr class='log' status='pass'>
													<td class='status pass' title='pass' alt='pass'><i class='material-icons'>check_circle</i></td>
													<td class='timestamp'>3:32:24 PM</td>
													<td class='step-details'>passed</td>
												</tr>
										</tbody>
									</table>
								</div>
						</div>
				</li>
				<li class='node level-2 leaf pass' status='pass' test-id='6'>
					<div class='collapsible-header'>
						<div class='node-name'>Then The user should see the list of aircrafts</div>						
						<span class='node-time'>Feb 26, 2019 03:32:24 PM</span>
						<span class='node-duration'>0h 0m 2s+922ms</span>
						<span class='test-status right pass'>pass</span>
					</div>
						<div class='collapsible-body'>
								<div class='node-steps'>
									<table class='bordered table-results'>
										<thead>
											<tr>
												<th>Status</th>
												<th>Timestamp</th>
												<th>Details</th>
											</tr>
										</thead>
										<tbody>
												<tr class='log' status='info'>
													<td class='status info' title='info' alt='info'><i class='material-icons'>info_outline</i></td>
													<td class='timestamp'>3:32:24 PM</td>
													<td class='step-details'><table><tr><td>Boeing 717</td><td>Boeing 737-700</td><td>Boeing 737-800</td><td>Boeing 737-900 ER</td><td>Boeing 757-200</td><td>Boeing 757-300</td><td>Boeing 767-300</td><td>Boeing 767-300ER</td><td>Boeing 767-400ER</td><td>Boeing 777-200ER</td><td>Boeing 777-200LR</td></tr></table></td>
												</tr>
												<tr class='log' status='pass'>
													<td class='status pass' title='pass' alt='pass'><i class='material-icons'>check_circle</i></td>
													<td class='timestamp'>3:32:24 PM</td>
													<td class='step-details'>passed</td>
												</tr>
												<tr class='log' status='pass'>
													<td class='status pass' title='pass' alt='pass'><i class='material-icons'>check_circle</i></td>
													<td class='timestamp'>3:32:27 PM</td>
													<td class='step-details'>Browser closed successfully</td>
												</tr>
										</tbody>
									</table>
								</div>
						</div>
				</li>
						</ul>
				</li>
	</ul>
					</div>
				</li>
				
				
				<li class='test displayed active has-leaf pass' status='pass' bdd='false' test-id='7'>
					<div class='test-heading'>
						<span class='test-name'>Shoping a Hotel</span>
						<span class='test-time'>Feb 26, 2019 03:32:27 PM</span>
						<span class='test-status right pass'>pass</span>
					</div>
					<div class='test-content hide'>
<div class='test-time-info'>
	<span class='label start-time'>Feb 26, 2019 03:32:27 PM</span>
	<span class='label end-time'>Feb 26, 2019 03:32:53 PM</span>
	<span class='label time-taken grey lighten-1 white-text'>0h 0m 26s+614ms</span>
</div>
	<div class='test-attributes'>
			<div class='category-list'>
				<span class='category label white-text'>@smoke</span>
			</div>
	</div>
	<ul class='collapsible node-list' data-collapsible='accordion'>
		
				<li class='node level-1  pass' status='pass' test-id='8'>
					<div class='collapsible-header'>
						<div class='node-name'>Scenario Outline: The user Shoping a Hotel</div>						
						<span class='node-time'>Feb 26, 2019 03:32:27 PM</span>
						<span class='node-duration'>0h 0m 26s+614ms</span>
						<span class='test-status right pass'>pass</span>
					</div>
						<div class='collapsible-body'>
								<div class='node-steps'>
									<table class='bordered table-results'>
										<thead>
											<tr>
												<th>Status</th>
												<th>Timestamp</th>
												<th>Details</th>
											</tr>
										</thead>
										<tbody>
												<tr class='log' status='info'>
													<td class='status info' title='info' alt='info'><i class='material-icons'>info_outline</i></td>
													<td class='timestamp'>3:32:27 PM</td>
													<td class='step-details'><table><tr><td>location</td><td>Check_In</td><td>Check_Out</td><td>Rooms</td><td>Adult</td></tr><tr><td>Delhi</td><td>02/21/2019</td><td>02/22/2019</td><td>1</td><td>1</td></tr></table></td>
												</tr>
										</tbody>
									</table>
								</div>
						</div>
						<ul class='collapsible node-list' data-collapsible='accordion'>
				<li class='node level-2  pass' status='pass' test-id='9'>
					<div class='collapsible-header'>
						<div class='node-name'>Scenario: The user Shoping a Hotel</div>						
						<span class='node-time'>Feb 26, 2019 03:32:27 PM</span>
						<span class='node-duration'>0h 0m 26s+614ms</span>
						<span class='test-status right pass'>pass</span>
					</div>
						<ul class='collapsible node-list' data-collapsible='accordion'>
				<li class='node level-3 leaf pass' status='pass' test-id='10'>
					<div class='collapsible-header'>
						<div class='node-name'>Given The User is in Delta homepage</div>						
						<span class='node-time'>Feb 26, 2019 03:32:30 PM</span>
						<span class='node-duration'>0h 0m 8s+737ms</span>
						<span class='test-status right pass'>pass</span>
					</div>
						<div class='collapsible-body'>
								<div class='node-steps'>
									<table class='bordered table-results'>
										<thead>
											<tr>
												<th>Status</th>
												<th>Timestamp</th>
												<th>Details</th>
											</tr>
										</thead>
										<tbody>
												<tr class='log' status='pass'>
													<td class='status pass' title='pass' alt='pass'><i class='material-icons'>check_circle</i></td>
													<td class='timestamp'>3:32:39 PM</td>
													<td class='step-details'>passed</td>
												</tr>
										</tbody>
									</table>
								</div>
						</div>
				</li>
				<li class='node level-3 leaf pass' status='pass' test-id='11'>
					<div class='collapsible-header'>
						<div class='node-name'>And The user navigates to shop a hotel page</div>						
						<span class='node-time'>Feb 26, 2019 03:32:39 PM</span>
						<span class='node-duration'>0h 0m 10s+751ms</span>
						<span class='test-status right pass'>pass</span>
					</div>
						<div class='collapsible-body'>
								<div class='node-steps'>
									<table class='bordered table-results'>
										<thead>
											<tr>
												<th>Status</th>
												<th>Timestamp</th>
												<th>Details</th>
											</tr>
										</thead>
										<tbody>
												<tr class='log' status='pass'>
													<td class='status pass' title='pass' alt='pass'><i class='material-icons'>check_circle</i></td>
													<td class='timestamp'>3:32:39 PM</td>
													<td class='step-details'>[[ChromeDriver: chrome on XP (566f88a694ba72d758f17565ad5117f5)] -> xpath: (//a[text()='More '])[1]]element is clicked successfully</td>
												</tr>
												<tr class='log' status='pass'>
													<td class='status pass' title='pass' alt='pass'><i class='material-icons'>check_circle</i></td>
													<td class='timestamp'>3:32:50 PM</td>
													<td class='step-details'>Proxy element for: DefaultElementLocator 'By.xpath: //a[@id="primary-static-link-1"]'element is clicked successfully</td>
												</tr>
												<tr class='log' status='pass'>
													<td class='status pass' title='pass' alt='pass'><i class='material-icons'>check_circle</i></td>
													<td class='timestamp'>3:32:50 PM</td>
													<td class='step-details'>passed</td>
												</tr>
										</tbody>
									</table>
								</div>
						</div>
				</li>
				<li class='node level-3 leaf pass' status='pass' test-id='12'>
					<div class='collapsible-header'>
						<div class='node-name'>When The user enters the values to the fields "Delhi", "02/21/2019", "02/22/2019", "1" and "1"</div>						
						<span class='node-time'>Feb 26, 2019 03:32:50 PM</span>
						<span class='node-duration'>0h 0m 0s+985ms</span>
						<span class='test-status right pass'>pass</span>
					</div>
						<div class='collapsible-body'>
								<div class='node-steps'>
									<table class='bordered table-results'>
										<thead>
											<tr>
												<th>Status</th>
												<th>Timestamp</th>
												<th>Details</th>
											</tr>
										</thead>
										<tbody>
												<tr class='log' status='pass'>
													<td class='status pass' title='pass' alt='pass'><i class='material-icons'>check_circle</i></td>
													<td class='timestamp'>3:32:50 PM</td>
													<td class='step-details'>Delhi entered into textbox successfully[[ChromeDriver: chrome on XP (566f88a694ba72d758f17565ad5117f5)] -> xpath: //input[@id="hotelLocation"]]</td>
												</tr>
												<tr class='log' status='pass'>
													<td class='status pass' title='pass' alt='pass'><i class='material-icons'>check_circle</i></td>
													<td class='timestamp'>3:32:50 PM</td>
													<td class='step-details'>02/21/2019 entered into textbox successfully[[ChromeDriver: chrome on XP (566f88a694ba72d758f17565ad5117f5)] -> xpath: //input[@id="hotelCheckInDate"]]</td>
												</tr>
												<tr class='log' status='pass'>
													<td class='status pass' title='pass' alt='pass'><i class='material-icons'>check_circle</i></td>
													<td class='timestamp'>3:32:50 PM</td>
													<td class='step-details'>02/22/2019 entered into textbox successfully[[ChromeDriver: chrome on XP (566f88a694ba72d758f17565ad5117f5)] -> xpath: //input[@id="hotelCheckOutDate"]]</td>
												</tr>
												<tr class='log' status='info'>
													<td class='status info' title='info' alt='info'><i class='material-icons'>info_outline</i></td>
													<td class='timestamp'>3:32:51 PM</td>
													<td class='step-details'>failed to select1from [[ChromeDriver: chrome on XP (566f88a694ba72d758f17565ad5117f5)] -> xpath: //span[@id="hotelNumberOfRooms-button"]]</td>
												</tr>
												<tr class='log' status='info'>
													<td class='status info' title='info' alt='info'><i class='material-icons'>info_outline</i></td>
													<td class='timestamp'>3:32:51 PM</td>
													<td class='step-details'>failed to enter1intotextbox org.openqa.selenium.InvalidElementStateException: invalid element state: Element must be user-editable in order to clear it.
  (Session info: chrome=72.0.3626.119)
  (Driver info: chromedriver=2.41.578737 (49da6702b16031c40d63e5618de03a32ff6c197e),platform=Windows NT 6.1.7600 x86_64) (WARNING: The server did not provide any stacktrace information)
Command duration or timeout: 0 milliseconds
Build info: version: '3.8.1', revision: '6e95a6684b', time: '2017-12-01T19:05:32.194Z'
System info: host: 'GREENS-11-PC', ip: '192.168.1.86', os.name: 'Windows 7', os.arch: 'amd64', os.version: '6.1', java.version: '1.8.0_144'
Driver info: org.openqa.selenium.chrome.ChromeDriver
Capabilities {acceptInsecureCerts: false, acceptSslCerts: false, applicationCacheEnabled: false, browserConnectionEnabled: false, browserName: chrome, chrome: {chromedriverVersion: 2.41.578737 (49da6702b16031..., userDataDir: C:\Users\GREENS~1\AppData\L...}, cssSelectorsEnabled: true, databaseEnabled: false, goog:chromeOptions: {debuggerAddress: localhost:53702}, handlesAlerts: true, hasTouchScreen: false, javascriptEnabled: true, locationContextEnabled: true, mobileEmulationEnabled: false, nativeEvents: true, networkConnectionEnabled: false, pageLoadStrategy: normal, platform: XP, platformName: XP, rotatable: false, setWindowRect: true, takesHeapSnapshot: true, takesScreenshot: true, unexpectedAlertBehaviour: , unhandledPromptBehavior: , version: 72.0.3626.119, webStorageEnabled: true}
Session ID: 566f88a694ba72d758f17565ad5117f5</td>
												</tr>
												<tr class='log' status='pass'>
													<td class='status pass' title='pass' alt='pass'><i class='material-icons'>check_circle</i></td>
													<td class='timestamp'>3:32:51 PM</td>
													<td class='step-details'>passed</td>
												</tr>
										</tbody>
									</table>
								</div>
						</div>
				</li>
				<li class='node level-3 leaf pass' status='pass' test-id='13'>
					<div class='collapsible-header'>
						<div class='node-name'>Then The user clicks the book a hotel and earn miles</div>						
						<span class='node-time'>Feb 26, 2019 03:32:51 PM</span>
						<span class='node-duration'>0h 0m 2s+831ms</span>
						<span class='test-status right pass'>pass</span>
					</div>
						<div class='collapsible-body'>
								<div class='node-steps'>
									<table class='bordered table-results'>
										<thead>
											<tr>
												<th>Status</th>
												<th>Timestamp</th>
												<th>Details</th>
											</tr>
										</thead>
										<tbody>
												<tr class='log' status='pass'>
													<td class='status pass' title='pass' alt='pass'><i class='material-icons'>check_circle</i></td>
													<td class='timestamp'>3:32:51 PM</td>
													<td class='step-details'>[[ChromeDriver: chrome on XP (566f88a694ba72d758f17565ad5117f5)] -> id: btnSubmit]element is clicked successfully</td>
												</tr>
												<tr class='log' status='pass'>
													<td class='status pass' title='pass' alt='pass'><i class='material-icons'>check_circle</i></td>
													<td class='timestamp'>3:32:51 PM</td>
													<td class='step-details'>passed</td>
												</tr>
												<tr class='log' status='pass'>
													<td class='status pass' title='pass' alt='pass'><i class='material-icons'>check_circle</i></td>
													<td class='timestamp'>3:32:53 PM</td>
													<td class='step-details'>Browser closed successfully</td>
												</tr>
										</tbody>
									</table>
								</div>
						</div>
				</li>
						</ul>
				</li>
						</ul>
				</li>
	</ul>
					</div>
				</li>
				
				
				<li class='test displayed active has-leaf fail' status='fail' bdd='false' test-id='14'>
					<div class='test-heading'>
						<span class='test-name'>Book A flight oneway</span>
						<span class='test-time'>Feb 26, 2019 03:32:53 PM</span>
						<span class='test-status right fail'>fail</span>
					</div>
					<div class='test-content hide'>
<div class='test-time-info'>
	<span class='label start-time'>Feb 26, 2019 03:32:53 PM</span>
	<span class='label end-time'>Feb 26, 2019 03:34:08 PM</span>
	<span class='label time-taken grey lighten-1 white-text'>0h 1m 14s+447ms</span>
</div>
	<div class='test-attributes'>
			<div class='category-list'>
				<span class='category label white-text'>@US0004</span>
				<span class='category label white-text'>@Regression</span>
				<span class='category label white-text'>@Sprint1</span>
				<span class='category label white-text'>@Smoke</span>
				<span class='category label white-text'>@bookaflight</span>
			</div>
	</div>
	<ul class='collapsible node-list' data-collapsible='accordion'>
		
				<li class='node level-1  fail' status='fail' test-id='15'>
					<div class='collapsible-header'>
						<div class='node-name'>Scenario: Booking flight in OneWay trip</div>						
						<span class='node-time'>Feb 26, 2019 03:32:53 PM</span>
						<span class='node-duration'>0h 1m 14s+447ms</span>
						<span class='test-status right fail'>fail</span>
					</div>
						<ul class='collapsible node-list' data-collapsible='accordion'>
				<li class='node level-2 leaf pass' status='pass' test-id='16'>
					<div class='collapsible-header'>
						<div class='node-name'>Given The User is in Delta homepage</div>						
						<span class='node-time'>Feb 26, 2019 03:32:57 PM</span>
						<span class='node-duration'>0h 0m 7s+296ms</span>
						<span class='test-status right pass'>pass</span>
					</div>
						<div class='collapsible-body'>
								<div class='node-steps'>
									<table class='bordered table-results'>
										<thead>
											<tr>
												<th>Status</th>
												<th>Timestamp</th>
												<th>Details</th>
											</tr>
										</thead>
										<tbody>
												<tr class='log' status='pass'>
													<td class='status pass' title='pass' alt='pass'><i class='material-icons'>check_circle</i></td>
													<td class='timestamp'>3:33:04 PM</td>
													<td class='step-details'>passed</td>
												</tr>
										</tbody>
									</table>
								</div>
						</div>
				</li>
				<li class='node level-2 leaf fail' status='fail' test-id='17'>
					<div class='collapsible-header'>
						<div class='node-name'>When The user enters source and destination</div>						
						<span class='node-time'>Feb 26, 2019 03:33:04 PM</span>
						<span class='node-duration'>0h 1m 1s+130ms</span>
						<span class='test-status right fail'>fail</span>
					</div>
						<div class='collapsible-body'>
								<div class='node-steps'>
									<table class='bordered table-results'>
										<thead>
											<tr>
												<th>Status</th>
												<th>Timestamp</th>
												<th>Details</th>
											</tr>
										</thead>
										<tbody>
												<tr class='log' status='info'>
													<td class='status info' title='info' alt='info'><i class='material-icons'>info_outline</i></td>
													<td class='timestamp'>3:33:04 PM</td>
													<td class='step-details'><table><tr><td>ATL</td><td>MSP</td></tr></table></td>
												</tr>
												<tr class='log' status='pass'>
													<td class='status pass' title='pass' alt='pass'><i class='material-icons'>check_circle</i></td>
													<td class='timestamp'>3:33:04 PM</td>
													<td class='step-details'>[[ChromeDriver: chrome on XP (971224a8bcd049f9104af03266b937f5)] -> id: fromAirportName]element is clicked successfully</td>
												</tr>
												<tr class='log' status='pass'>
													<td class='status pass' title='pass' alt='pass'><i class='material-icons'>check_circle</i></td>
													<td class='timestamp'>3:33:05 PM</td>
													<td class='step-details'>ATL entered into textbox successfully[[ChromeDriver: chrome on XP (971224a8bcd049f9104af03266b937f5)] -> id: search_input]</td>
												</tr>
												<tr class='log' status='fail'>
													<td class='status fail' title='fail' alt='fail'><i class='material-icons'>cancel</i></td>
													<td class='timestamp'>3:34:05 PM</td>
													<td class='step-details'><pre>org.openqa.selenium.TimeoutException: Expected condition failed: waiting for presence of element located by: By.id: test (tried for 60 second(s) with 500 MILLISECONDS interval)
	at org.openqa.selenium.support.ui.WebDriverWait.timeoutException(WebDriverWait.java:82)
	at org.openqa.selenium.support.ui.FluentWait.until(FluentWait.java:231)
	at com.resources.FunctionalLibrary.waitForElementVisibility(FunctionalLibrary.java:356)
	at com.stepdefinition.HomePageSteps.the_user_enters_source_and_destination(HomePageSteps.java:31)
	at ?.When The user enters source and destination(BookAflight/OneWay.feature:8)
Caused by: org.openqa.selenium.NoSuchElementException: Cannot locate an element using By.id: test
For documentation on this error, please visit: http://seleniumhq.org/exceptions/no_such_element.html
Build info: version: '3.8.1', revision: '6e95a6684b', time: '2017-12-01T19:05:32.194Z'
System info: host: 'GREENS-11-PC', ip: '192.168.1.86', os.name: 'Windows 7', os.arch: 'amd64', os.version: '6.1', java.version: '1.8.0_144'
Driver info: driver.version: unknown
	at org.openqa.selenium.support.ui.ExpectedConditions.lambda$findElement$0(ExpectedConditions.java:882)
	at java.util.Optional.orElseThrow(Optional.java:290)
	at org.openqa.selenium.support.ui.ExpectedConditions.findElement(ExpectedConditions.java:881)
	at org.openqa.selenium.support.ui.ExpectedConditions.access$000(ExpectedConditions.java:43)
	at org.openqa.selenium.support.ui.ExpectedConditions$6.apply(ExpectedConditions.java:182)
	at org.openqa.selenium.support.ui.ExpectedConditions$6.apply(ExpectedConditions.java:179)
	at org.openqa.selenium.support.ui.FluentWait.until(FluentWait.java:208)
	at com.resources.FunctionalLibrary.waitForElementVisibility(FunctionalLibrary.java:356)
	at com.stepdefinition.HomePageSteps.the_user_enters_source_and_destination(HomePageSteps.java:31)
	at sun.reflect.NativeMethodAccessorImpl.invoke0(Native Method)
	at sun.reflect.NativeMethodAccessorImpl.invoke(NativeMethodAccessorImpl.java:62)
	at sun.reflect.DelegatingMethodAccessorImpl.invoke(DelegatingMethodAccessorImpl.java:43)
	at java.lang.reflect.Method.invoke(Method.java:498)
	at cucumber.runtime.Utils$1.call(Utils.java:40)
	at cucumber.runtime.Timeout.timeout(Timeout.java:16)
	at cucumber.runtime.Utils.invoke(Utils.java:34)
	at cucumber.runtime.java.JavaStepDefinition.execute(JavaStepDefinition.java:38)
	at cucumber.runtime.StepDefinitionMatch.runStep(StepDefinitionMatch.java:37)
	at cucumber.runtime.Runtime.runStep(Runtime.java:300)
	at cucumber.runtime.model.StepContainer.runStep(StepContainer.java:44)
	at cucumber.runtime.model.StepContainer.runSteps(StepContainer.java:39)
	at cucumber.runtime.model.CucumberScenario.run(CucumberScenario.java:44)
	at cucumber.runtime.junit.ExecutionUnitRunner.run(ExecutionUnitRunner.java:102)
	at cucumber.runtime.junit.FeatureRunner.runChild(FeatureRunner.java:63)
	at cucumber.runtime.junit.FeatureRunner.runChild(FeatureRunner.java:18)
	at org.junit.runners.ParentRunner$3.run(ParentRunner.java:290)
	at org.junit.runners.ParentRunner$1.schedule(ParentRunner.java:71)
	at org.junit.runners.ParentRunner.runChildren(ParentRunner.java:288)
	at org.junit.runners.ParentRunner.access$000(ParentRunner.java:58)
	at org.junit.runners.ParentRunner$2.evaluate(ParentRunner.java:268)
	at org.junit.runners.ParentRunner.run(ParentRunner.java:363)
	at cucumber.runtime.junit.FeatureRunner.run(FeatureRunner.java:70)
	at cucumber.api.junit.Cucumber.runChild(Cucumber.java:95)
	at cucumber.api.junit.Cucumber.runChild(Cucumber.java:38)
	at org.junit.runners.ParentRunner$3.run(ParentRunner.java:290)
	at org.junit.runners.ParentRunner$1.schedule(ParentRunner.java:71)
	at org.junit.runners.ParentRunner.runChildren(ParentRunner.java:288)
	at org.junit.runners.ParentRunner.access$000(ParentRunner.java:58)
	at org.junit.runners.ParentRunner$2.evaluate(ParentRunner.java:268)
	at org.junit.internal.runners.statements.RunBefores.evaluate(RunBefores.java:26)
	at org.junit.runners.ParentRunner.run(ParentRunner.java:363)
	at cucumber.api.junit.Cucumber.run(Cucumber.java:100)
	at org.eclipse.jdt.internal.junit4.runner.JUnit4TestReference.run(JUnit4TestReference.java:86)
	at org.eclipse.jdt.internal.junit.runner.TestExecution.run(TestExecution.java:38)
	at org.eclipse.jdt.internal.junit.runner.RemoteTestRunner.runTests(RemoteTestRunner.java:538)
	at org.eclipse.jdt.internal.junit.runner.RemoteTestRunner.runTests(RemoteTestRunner.java:760)
	at org.eclipse.jdt.internal.junit.runner.RemoteTestRunner.run(RemoteTestRunner.java:460)
	at org.eclipse.jdt.internal.junit.runner.RemoteTestRunner.main(RemoteTestRunner.java:206)
</pre></td>
												</tr>
												<tr class='log' status='fail'>
													<td class='status fail' title='fail' alt='fail'><i class='material-icons'>cancel</i></td>
													<td class='timestamp'>3:34:05 PM</td>
													<td class='step-details'>failed</td>
												</tr>
										</tbody>
									</table>
								</div>
						</div>
				</li>
				<li class='node level-2 leaf skip' status='skip' test-id='18'>
					<div class='collapsible-header'>
						<div class='node-name'>And The user select oneway trip</div>						
						<span class='node-time'>Feb 26, 2019 03:34:05 PM</span>
						<span class='node-duration'>0h 0m 0s+2ms</span>
						<span class='test-status right skip'>skip</span>
					</div>
						<div class='collapsible-body'>
								<div class='node-steps'>
									<table class='bordered table-results'>
										<thead>
											<tr>
												<th>Status</th>
												<th>Timestamp</th>
												<th>Details</th>
											</tr>
										</thead>
										<tbody>
												<tr class='log' status='skip'>
													<td class='status skip' title='skip' alt='skip'><i class='material-icons'>redo</i></td>
													<td class='timestamp'>3:34:05 PM</td>
													<td class='step-details'>skipped</td>
												</tr>
										</tbody>
									</table>
								</div>
						</div>
				</li>
				<li class='node level-2 leaf skip' status='skip' test-id='19'>
					<div class='collapsible-header'>
						<div class='node-name'>And The user select date from Web calendar "01/29/2019"</div>						
						<span class='node-time'>Feb 26, 2019 03:34:05 PM</span>
						<span class='node-duration'>0h 0m 0s+1ms</span>
						<span class='test-status right skip'>skip</span>
					</div>
						<div class='collapsible-body'>
								<div class='node-steps'>
									<table class='bordered table-results'>
										<thead>
											<tr>
												<th>Status</th>
												<th>Timestamp</th>
												<th>Details</th>
											</tr>
										</thead>
										<tbody>
												<tr class='log' status='skip'>
													<td class='status skip' title='skip' alt='skip'><i class='material-icons'>redo</i></td>
													<td class='timestamp'>3:34:05 PM</td>
													<td class='step-details'>skipped</td>
												</tr>
										</tbody>
									</table>
								</div>
						</div>
				</li>
				<li class='node level-2 leaf skip' status='skip' test-id='20'>
					<div class='collapsible-header'>
						<div class='node-name'>And The user clicks submit button</div>						
						<span class='node-time'>Feb 26, 2019 03:34:05 PM</span>
						<span class='node-duration'>0h 0m 0s+1ms</span>
						<span class='test-status right skip'>skip</span>
					</div>
						<div class='collapsible-body'>
								<div class='node-steps'>
									<table class='bordered table-results'>
										<thead>
											<tr>
												<th>Status</th>
												<th>Timestamp</th>
												<th>Details</th>
											</tr>
										</thead>
										<tbody>
												<tr class='log' status='skip'>
													<td class='status skip' title='skip' alt='skip'><i class='material-icons'>redo</i></td>
													<td class='timestamp'>3:34:05 PM</td>
													<td class='step-details'>skipped</td>
												</tr>
										</tbody>
									</table>
								</div>
						</div>
				</li>
				<li class='node level-2 leaf skip' status='skip' test-id='21'>
					<div class='collapsible-header'>
						<div class='node-name'>Then The user should be in search results page</div>						
						<span class='node-time'>Feb 26, 2019 03:34:05 PM</span>
						<span class='node-duration'>0h 0m 2s+739ms</span>
						<span class='test-status right skip'>skip</span>
					</div>
						<div class='collapsible-body'>
								<div class='node-steps'>
									<table class='bordered table-results'>
										<thead>
											<tr>
												<th>Status</th>
												<th>Timestamp</th>
												<th>Details</th>
											</tr>
										</thead>
										<tbody>
												<tr class='log' status='skip'>
													<td class='status skip' title='skip' alt='skip'><i class='material-icons'>redo</i></td>
													<td class='timestamp'>3:34:05 PM</td>
													<td class='step-details'>skipped</td>
												</tr>
												<tr class='log' status='pass'>
													<td class='status pass' title='pass' alt='pass'><i class='material-icons'>check_circle</i></td>
													<td class='timestamp'>3:34:08 PM</td>
													<td class='step-details'>Browser closed successfully</td>
												</tr>
										</tbody>
									</table>
								</div>
						</div>
				</li>
						</ul>
				</li>
	</ul>
					</div>
				</li>
				
				
				<li class='test displayed active has-leaf fail' status='fail' bdd='false' test-id='22'>
					<div class='test-heading'>
						<span class='test-name'>To verify flight details in search results</span>
						<span class='test-time'>Feb 26, 2019 03:34:08 PM</span>
						<span class='test-status right fail'>fail</span>
					</div>
					<div class='test-content hide'>
<div class='test-time-info'>
	<span class='label start-time'>Feb 26, 2019 03:34:08 PM</span>
	<span class='label end-time'>Feb 26, 2019 03:35:31 PM</span>
	<span class='label time-taken grey lighten-1 white-text'>0h 1m 23s+371ms</span>
</div>
	<div class='test-attributes'>
			<div class='category-list'>
				<span class='category label white-text'>@tag</span>
			</div>
	</div>
	<ul class='collapsible node-list' data-collapsible='accordion'>
		
				<li class='node level-1  fail' status='fail' test-id='23'>
					<div class='collapsible-header'>
						<div class='node-name'>Scenario: To verify flight details in one way search results</div>						
						<span class='node-time'>Feb 26, 2019 03:34:08 PM</span>
						<span class='node-duration'>0h 1m 23s+371ms</span>
						<span class='test-status right fail'>fail</span>
					</div>
						<ul class='collapsible node-list' data-collapsible='accordion'>
				<li class='node level-2 leaf pass' status='pass' test-id='24'>
					<div class='collapsible-header'>
						<div class='node-name'>Given The User is in Delta homepage</div>						
						<span class='node-time'>Feb 26, 2019 03:34:11 PM</span>
						<span class='node-duration'>0h 0m 6s+563ms</span>
						<span class='test-status right pass'>pass</span>
					</div>
						<div class='collapsible-body'>
								<div class='node-steps'>
									<table class='bordered table-results'>
										<thead>
											<tr>
												<th>Status</th>
												<th>Timestamp</th>
												<th>Details</th>
											</tr>
										</thead>
										<tbody>
												<tr class='log' status='pass'>
													<td class='status pass' title='pass' alt='pass'><i class='material-icons'>check_circle</i></td>
													<td class='timestamp'>3:34:18 PM</td>
													<td class='step-details'>passed</td>
												</tr>
										</tbody>
									</table>
								</div>
						</div>
				</li>
				<li class='node level-2 leaf pass' status='pass' test-id='25'>
					<div class='collapsible-header'>
						<div class='node-name'>And The user selects book menu option</div>						
						<span class='node-time'>Feb 26, 2019 03:34:18 PM</span>
						<span class='node-duration'>0h 0m 10s+58ms</span>
						<span class='test-status right pass'>pass</span>
					</div>
						<div class='collapsible-body'>
								<div class='node-steps'>
									<table class='bordered table-results'>
										<thead>
											<tr>
												<th>Status</th>
												<th>Timestamp</th>
												<th>Details</th>
											</tr>
										</thead>
										<tbody>
												<tr class='log' status='info'>
													<td class='status info' title='info' alt='info'><i class='material-icons'>info_outline</i></td>
													<td class='timestamp'>3:34:28 PM</td>
													<td class='step-details'>Proxy element for: DefaultElementLocator 'By.xpath: //a[text()='BOOK' and @role='menuitem'] 'element is not clickedno such element: Unable to locate element: {"method":"xpath","selector":"//a[text()='BOOK' and @role='menuitem'] "}
  (Session info: chrome=72.0.3626.119)
  (Driver info: chromedriver=2.41.578737 (49da6702b16031c40d63e5618de03a32ff6c197e),platform=Windows NT 6.1.7600 x86_64) (WARNING: The server did not provide any stacktrace information)
Command duration or timeout: 0 milliseconds
For documentation on this error, please visit: http://seleniumhq.org/exceptions/no_such_element.html
Build info: version: '3.8.1', revision: '6e95a6684b', time: '2017-12-01T19:05:32.194Z'
System info: host: 'GREENS-11-PC', ip: '192.168.1.86', os.name: 'Windows 7', os.arch: 'amd64', os.version: '6.1', java.version: '1.8.0_144'
Driver info: org.openqa.selenium.chrome.ChromeDriver
Capabilities {acceptInsecureCerts: false, acceptSslCerts: false, applicationCacheEnabled: false, browserConnectionEnabled: false, browserName: chrome, chrome: {chromedriverVersion: 2.41.578737 (49da6702b16031..., userDataDir: C:\Users\GREENS~1\AppData\L...}, cssSelectorsEnabled: true, databaseEnabled: false, goog:chromeOptions: {debuggerAddress: localhost:60485}, handlesAlerts: true, hasTouchScreen: false, javascriptEnabled: true, locationContextEnabled: true, mobileEmulationEnabled: false, nativeEvents: true, networkConnectionEnabled: false, pageLoadStrategy: normal, platform: XP, platformName: XP, rotatable: false, setWindowRect: true, takesHeapSnapshot: true, takesScreenshot: true, unexpectedAlertBehaviour: , unhandledPromptBehavior: , version: 72.0.3626.119, webStorageEnabled: true}
Session ID: aae7958032421bfcabddfc33928800b0
*** Element info: {Using=xpath, value=//a[text()='BOOK' and @role='menuitem'] }</td>
												</tr>
												<tr class='log' status='pass'>
													<td class='status pass' title='pass' alt='pass'><i class='material-icons'>check_circle</i></td>
													<td class='timestamp'>3:34:28 PM</td>
													<td class='step-details'>passed</td>
												</tr>
										</tbody>
									</table>
								</div>
						</div>
				</li>
				<li class='node level-2 leaf fail' status='fail' test-id='26'>
					<div class='collapsible-header'>
						<div class='node-name'>When The user fill in the details</div>						
						<span class='node-time'>Feb 26, 2019 03:34:28 PM</span>
						<span class='node-duration'>0h 1m 0s+782ms</span>
						<span class='test-status right fail'>fail</span>
					</div>
						<div class='collapsible-body'>
								<div class='node-steps'>
									<table class='bordered table-results'>
										<thead>
											<tr>
												<th>Status</th>
												<th>Timestamp</th>
												<th>Details</th>
											</tr>
										</thead>
										<tbody>
												<tr class='log' status='info'>
													<td class='status info' title='info' alt='info'><i class='material-icons'>info_outline</i></td>
													<td class='timestamp'>3:34:28 PM</td>
													<td class='step-details'><table><tr><td>ATL</td><td>MSP</td><td>One Way</td><td>01/30/2019</td><td>1 Passenger</td></tr></table></td>
												</tr>
												<tr class='log' status='pass'>
													<td class='status pass' title='pass' alt='pass'><i class='material-icons'>check_circle</i></td>
													<td class='timestamp'>3:34:28 PM</td>
													<td class='step-details'>[[ChromeDriver: chrome on XP (aae7958032421bfcabddfc33928800b0)] -> id: fromAirportName]element is clicked successfully</td>
												</tr>
												<tr class='log' status='pass'>
													<td class='status pass' title='pass' alt='pass'><i class='material-icons'>check_circle</i></td>
													<td class='timestamp'>3:34:28 PM</td>
													<td class='step-details'>ATL entered into textbox successfully[[ChromeDriver: chrome on XP (aae7958032421bfcabddfc33928800b0)] -> id: search_input]</td>
												</tr>
												<tr class='log' status='fail'>
													<td class='status fail' title='fail' alt='fail'><i class='material-icons'>cancel</i></td>
													<td class='timestamp'>3:35:29 PM</td>
													<td class='step-details'><pre>org.openqa.selenium.TimeoutException: Expected condition failed: waiting for presence of element located by: By.id: test (tried for 60 second(s) with 500 MILLISECONDS interval)
	at org.openqa.selenium.support.ui.WebDriverWait.timeoutException(WebDriverWait.java:82)
	at org.openqa.selenium.support.ui.FluentWait.until(FluentWait.java:231)
	at com.resources.FunctionalLibrary.waitForElementVisibility(FunctionalLibrary.java:356)
	at com.stepdefinition.HomePageSteps.the_user_fill_in_the_details(HomePageSteps.java:165)
	at ?.When The user fill in the details(BookAflight/OneWaySearchResults.feature:9)
Caused by: org.openqa.selenium.NoSuchElementException: Cannot locate an element using By.id: test
For documentation on this error, please visit: http://seleniumhq.org/exceptions/no_such_element.html
Build info: version: '3.8.1', revision: '6e95a6684b', time: '2017-12-01T19:05:32.194Z'
System info: host: 'GREENS-11-PC', ip: '192.168.1.86', os.name: 'Windows 7', os.arch: 'amd64', os.version: '6.1', java.version: '1.8.0_144'
Driver info: driver.version: unknown
	at org.openqa.selenium.support.ui.ExpectedConditions.lambda$findElement$0(ExpectedConditions.java:882)
	at java.util.Optional.orElseThrow(Optional.java:290)
	at org.openqa.selenium.support.ui.ExpectedConditions.findElement(ExpectedConditions.java:881)
	at org.openqa.selenium.support.ui.ExpectedConditions.access$000(ExpectedConditions.java:43)
	at org.openqa.selenium.support.ui.ExpectedConditions$6.apply(ExpectedConditions.java:182)
	at org.openqa.selenium.support.ui.ExpectedConditions$6.apply(ExpectedConditions.java:179)
	at org.openqa.selenium.support.ui.FluentWait.until(FluentWait.java:208)
	at com.resources.FunctionalLibrary.waitForElementVisibility(FunctionalLibrary.java:356)
	at com.stepdefinition.HomePageSteps.the_user_fill_in_the_details(HomePageSteps.java:165)
	at sun.reflect.NativeMethodAccessorImpl.invoke0(Native Method)
	at sun.reflect.NativeMethodAccessorImpl.invoke(NativeMethodAccessorImpl.java:62)
	at sun.reflect.DelegatingMethodAccessorImpl.invoke(DelegatingMethodAccessorImpl.java:43)
	at java.lang.reflect.Method.invoke(Method.java:498)
	at cucumber.runtime.Utils$1.call(Utils.java:40)
	at cucumber.runtime.Timeout.timeout(Timeout.java:16)
	at cucumber.runtime.Utils.invoke(Utils.java:34)
	at cucumber.runtime.java.JavaStepDefinition.execute(JavaStepDefinition.java:38)
	at cucumber.runtime.StepDefinitionMatch.runStep(StepDefinitionMatch.java:37)
	at cucumber.runtime.Runtime.runStep(Runtime.java:300)
	at cucumber.runtime.model.StepContainer.runStep(StepContainer.java:44)
	at cucumber.runtime.model.StepContainer.runSteps(StepContainer.java:39)
	at cucumber.runtime.model.CucumberScenario.run(CucumberScenario.java:44)
	at cucumber.runtime.junit.ExecutionUnitRunner.run(ExecutionUnitRunner.java:102)
	at cucumber.runtime.junit.FeatureRunner.runChild(FeatureRunner.java:63)
	at cucumber.runtime.junit.FeatureRunner.runChild(FeatureRunner.java:18)
	at org.junit.runners.ParentRunner$3.run(ParentRunner.java:290)
	at org.junit.runners.ParentRunner$1.schedule(ParentRunner.java:71)
	at org.junit.runners.ParentRunner.runChildren(ParentRunner.java:288)
	at org.junit.runners.ParentRunner.access$000(ParentRunner.java:58)
	at org.junit.runners.ParentRunner$2.evaluate(ParentRunner.java:268)
	at org.junit.runners.ParentRunner.run(ParentRunner.java:363)
	at cucumber.runtime.junit.FeatureRunner.run(FeatureRunner.java:70)
	at cucumber.api.junit.Cucumber.runChild(Cucumber.java:95)
	at cucumber.api.junit.Cucumber.runChild(Cucumber.java:38)
	at org.junit.runners.ParentRunner$3.run(ParentRunner.java:290)
	at org.junit.runners.ParentRunner$1.schedule(ParentRunner.java:71)
	at org.junit.runners.ParentRunner.runChildren(ParentRunner.java:288)
	at org.junit.runners.ParentRunner.access$000(ParentRunner.java:58)
	at org.junit.runners.ParentRunner$2.evaluate(ParentRunner.java:268)
	at org.junit.internal.runners.statements.RunBefores.evaluate(RunBefores.java:26)
	at org.junit.runners.ParentRunner.run(ParentRunner.java:363)
	at cucumber.api.junit.Cucumber.run(Cucumber.java:100)
	at org.eclipse.jdt.internal.junit4.runner.JUnit4TestReference.run(JUnit4TestReference.java:86)
	at org.eclipse.jdt.internal.junit.runner.TestExecution.run(TestExecution.java:38)
	at org.eclipse.jdt.internal.junit.runner.RemoteTestRunner.runTests(RemoteTestRunner.java:538)
	at org.eclipse.jdt.internal.junit.runner.RemoteTestRunner.runTests(RemoteTestRunner.java:760)
	at org.eclipse.jdt.internal.junit.runner.RemoteTestRunner.run(RemoteTestRunner.java:460)
	at org.eclipse.jdt.internal.junit.runner.RemoteTestRunner.main(RemoteTestRunner.java:206)
</pre></td>
												</tr>
												<tr class='log' status='fail'>
													<td class='status fail' title='fail' alt='fail'><i class='material-icons'>cancel</i></td>
													<td class='timestamp'>3:35:29 PM</td>
													<td class='step-details'>failed</td>
												</tr>
										</tbody>
									</table>
								</div>
						</div>
				</li>
				<li class='node level-2 leaf skip' status='skip' test-id='27'>
					<div class='collapsible-header'>
						<div class='node-name'>And The user clicks the submit button</div>						
						<span class='node-time'>Feb 26, 2019 03:35:29 PM</span>
						<span class='node-duration'>0h 0m 0s+0ms</span>
						<span class='test-status right skip'>skip</span>
					</div>
						<div class='collapsible-body'>
								<div class='node-steps'>
									<table class='bordered table-results'>
										<thead>
											<tr>
												<th>Status</th>
												<th>Timestamp</th>
												<th>Details</th>
											</tr>
										</thead>
										<tbody>
												<tr class='log' status='skip'>
													<td class='status skip' title='skip' alt='skip'><i class='material-icons'>redo</i></td>
													<td class='timestamp'>3:35:29 PM</td>
													<td class='step-details'>skipped</td>
												</tr>
										</tbody>
									</table>
								</div>
						</div>
				</li>
				<li class='node level-2 leaf skip' status='skip' test-id='28'>
					<div class='collapsible-header'>
						<div class='node-name'>Then The user verifies the search results details</div>						
						<span class='node-time'>Feb 26, 2019 03:35:29 PM</span>
						<span class='node-duration'>0h 0m 2s+455ms</span>
						<span class='test-status right skip'>skip</span>
					</div>
						<div class='collapsible-body'>
								<div class='node-steps'>
									<table class='bordered table-results'>
										<thead>
											<tr>
												<th>Status</th>
												<th>Timestamp</th>
												<th>Details</th>
											</tr>
										</thead>
										<tbody>
												<tr class='log' status='skip'>
													<td class='status skip' title='skip' alt='skip'><i class='material-icons'>redo</i></td>
													<td class='timestamp'>3:35:29 PM</td>
													<td class='step-details'>skipped</td>
												</tr>
												<tr class='log' status='pass'>
													<td class='status pass' title='pass' alt='pass'><i class='material-icons'>check_circle</i></td>
													<td class='timestamp'>3:35:31 PM</td>
													<td class='step-details'>Browser closed successfully</td>
												</tr>
										</tbody>
									</table>
								</div>
						</div>
				</li>
						</ul>
				</li>
	</ul>
					</div>
				</li>
				
				
				<li class='test displayed active has-leaf fail' status='fail' bdd='false' test-id='29'>
					<div class='test-heading'>
						<span class='test-name'>Verify round trip functionality</span>
						<span class='test-time'>Feb 26, 2019 03:35:31 PM</span>
						<span class='test-status right fail'>fail</span>
					</div>
					<div class='test-content hide'>
<div class='test-time-info'>
	<span class='label start-time'>Feb 26, 2019 03:35:31 PM</span>
	<span class='label end-time'>Feb 26, 2019 03:36:44 PM</span>
	<span class='label time-taken grey lighten-1 white-text'>0h 1m 12s+550ms</span>
</div>
	<div class='test-attributes'>
			<div class='category-list'>
				<span class='category label white-text'>@tag</span>
			</div>
	</div>
	<ul class='collapsible node-list' data-collapsible='accordion'>
		
				<li class='node level-1  fail' status='fail' test-id='30'>
					<div class='collapsible-header'>
						<div class='node-name'>Scenario:</div>						
						<span class='node-time'>Feb 26, 2019 03:35:31 PM</span>
						<span class='node-duration'>0h 1m 12s+550ms</span>
						<span class='test-status right fail'>fail</span>
					</div>
						<ul class='collapsible node-list' data-collapsible='accordion'>
				<li class='node level-2 leaf pass' status='pass' test-id='31'>
					<div class='collapsible-header'>
						<div class='node-name'>Given The User is in Delta homepage</div>						
						<span class='node-time'>Feb 26, 2019 03:35:34 PM</span>
						<span class='node-duration'>0h 0m 5s+713ms</span>
						<span class='test-status right pass'>pass</span>
					</div>
						<div class='collapsible-body'>
								<div class='node-steps'>
									<table class='bordered table-results'>
										<thead>
											<tr>
												<th>Status</th>
												<th>Timestamp</th>
												<th>Details</th>
											</tr>
										</thead>
										<tbody>
												<tr class='log' status='pass'>
													<td class='status pass' title='pass' alt='pass'><i class='material-icons'>check_circle</i></td>
													<td class='timestamp'>3:35:40 PM</td>
													<td class='step-details'>passed</td>
												</tr>
										</tbody>
									</table>
								</div>
						</div>
				</li>
				<li class='node level-2 leaf fail' status='fail' test-id='32'>
					<div class='collapsible-header'>
						<div class='node-name'>When The user selects source and destination</div>						
						<span class='node-time'>Feb 26, 2019 03:35:40 PM</span>
						<span class='node-duration'>0h 1m 0s+924ms</span>
						<span class='test-status right fail'>fail</span>
					</div>
						<div class='collapsible-body'>
								<div class='node-steps'>
									<table class='bordered table-results'>
										<thead>
											<tr>
												<th>Status</th>
												<th>Timestamp</th>
												<th>Details</th>
											</tr>
										</thead>
										<tbody>
												<tr class='log' status='info'>
													<td class='status info' title='info' alt='info'><i class='material-icons'>info_outline</i></td>
													<td class='timestamp'>3:35:40 PM</td>
													<td class='step-details'><table><tr><td>ATL</td><td>MSP</td></tr></table></td>
												</tr>
												<tr class='log' status='pass'>
													<td class='status pass' title='pass' alt='pass'><i class='material-icons'>check_circle</i></td>
													<td class='timestamp'>3:35:41 PM</td>
													<td class='step-details'>[[ChromeDriver: chrome on XP (41e0be18ded283dfdc241f66fd2418a2)] -> id: fromAirportName]element is clicked successfully</td>
												</tr>
												<tr class='log' status='pass'>
													<td class='status pass' title='pass' alt='pass'><i class='material-icons'>check_circle</i></td>
													<td class='timestamp'>3:35:41 PM</td>
													<td class='step-details'>ATL entered into textbox successfully[[ChromeDriver: chrome on XP (41e0be18ded283dfdc241f66fd2418a2)] -> id: search_input]</td>
												</tr>
												<tr class='log' status='fail'>
													<td class='status fail' title='fail' alt='fail'><i class='material-icons'>cancel</i></td>
													<td class='timestamp'>3:36:41 PM</td>
													<td class='step-details'><pre>org.openqa.selenium.TimeoutException: Expected condition failed: waiting for presence of element located by: By.id: test (tried for 60 second(s) with 500 MILLISECONDS interval)
	at org.openqa.selenium.support.ui.WebDriverWait.timeoutException(WebDriverWait.java:82)
	at org.openqa.selenium.support.ui.FluentWait.until(FluentWait.java:231)
	at com.resources.FunctionalLibrary.waitForElementVisibility(FunctionalLibrary.java:356)
	at com.stepdefinition.HomePageSteps.the_user_selects_source_and_destination(HomePageSteps.java:80)
	at ?.When The user selects source and destination(BookAflight/RoundTrip.feature:7)
Caused by: org.openqa.selenium.NoSuchElementException: Cannot locate an element using By.id: test
For documentation on this error, please visit: http://seleniumhq.org/exceptions/no_such_element.html
Build info: version: '3.8.1', revision: '6e95a6684b', time: '2017-12-01T19:05:32.194Z'
System info: host: 'GREENS-11-PC', ip: '192.168.1.86', os.name: 'Windows 7', os.arch: 'amd64', os.version: '6.1', java.version: '1.8.0_144'
Driver info: driver.version: unknown
	at org.openqa.selenium.support.ui.ExpectedConditions.lambda$findElement$0(ExpectedConditions.java:882)
	at java.util.Optional.orElseThrow(Optional.java:290)
	at org.openqa.selenium.support.ui.ExpectedConditions.findElement(ExpectedConditions.java:881)
	at org.openqa.selenium.support.ui.ExpectedConditions.access$000(ExpectedConditions.java:43)
	at org.openqa.selenium.support.ui.ExpectedConditions$6.apply(ExpectedConditions.java:182)
	at org.openqa.selenium.support.ui.ExpectedConditions$6.apply(ExpectedConditions.java:179)
	at org.openqa.selenium.support.ui.FluentWait.until(FluentWait.java:208)
	at com.resources.FunctionalLibrary.waitForElementVisibility(FunctionalLibrary.java:356)
	at com.stepdefinition.HomePageSteps.the_user_selects_source_and_destination(HomePageSteps.java:80)
	at sun.reflect.NativeMethodAccessorImpl.invoke0(Native Method)
	at sun.reflect.NativeMethodAccessorImpl.invoke(NativeMethodAccessorImpl.java:62)
	at sun.reflect.DelegatingMethodAccessorImpl.invoke(DelegatingMethodAccessorImpl.java:43)
	at java.lang.reflect.Method.invoke(Method.java:498)
	at cucumber.runtime.Utils$1.call(Utils.java:40)
	at cucumber.runtime.Timeout.timeout(Timeout.java:16)
	at cucumber.runtime.Utils.invoke(Utils.java:34)
	at cucumber.runtime.java.JavaStepDefinition.execute(JavaStepDefinition.java:38)
	at cucumber.runtime.StepDefinitionMatch.runStep(StepDefinitionMatch.java:37)
	at cucumber.runtime.Runtime.runStep(Runtime.java:300)
	at cucumber.runtime.model.StepContainer.runStep(StepContainer.java:44)
	at cucumber.runtime.model.StepContainer.runSteps(StepContainer.java:39)
	at cucumber.runtime.model.CucumberScenario.run(CucumberScenario.java:44)
	at cucumber.runtime.junit.ExecutionUnitRunner.run(ExecutionUnitRunner.java:102)
	at cucumber.runtime.junit.FeatureRunner.runChild(FeatureRunner.java:63)
	at cucumber.runtime.junit.FeatureRunner.runChild(FeatureRunner.java:18)
	at org.junit.runners.ParentRunner$3.run(ParentRunner.java:290)
	at org.junit.runners.ParentRunner$1.schedule(ParentRunner.java:71)
	at org.junit.runners.ParentRunner.runChildren(ParentRunner.java:288)
	at org.junit.runners.ParentRunner.access$000(ParentRunner.java:58)
	at org.junit.runners.ParentRunner$2.evaluate(ParentRunner.java:268)
	at org.junit.runners.ParentRunner.run(ParentRunner.java:363)
	at cucumber.runtime.junit.FeatureRunner.run(FeatureRunner.java:70)
	at cucumber.api.junit.Cucumber.runChild(Cucumber.java:95)
	at cucumber.api.junit.Cucumber.runChild(Cucumber.java:38)
	at org.junit.runners.ParentRunner$3.run(ParentRunner.java:290)
	at org.junit.runners.ParentRunner$1.schedule(ParentRunner.java:71)
	at org.junit.runners.ParentRunner.runChildren(ParentRunner.java:288)
	at org.junit.runners.ParentRunner.access$000(ParentRunner.java:58)
	at org.junit.runners.ParentRunner$2.evaluate(ParentRunner.java:268)
	at org.junit.internal.runners.statements.RunBefores.evaluate(RunBefores.java:26)
	at org.junit.runners.ParentRunner.run(ParentRunner.java:363)
	at cucumber.api.junit.Cucumber.run(Cucumber.java:100)
	at org.eclipse.jdt.internal.junit4.runner.JUnit4TestReference.run(JUnit4TestReference.java:86)
	at org.eclipse.jdt.internal.junit.runner.TestExecution.run(TestExecution.java:38)
	at org.eclipse.jdt.internal.junit.runner.RemoteTestRunner.runTests(RemoteTestRunner.java:538)
	at org.eclipse.jdt.internal.junit.runner.RemoteTestRunner.runTests(RemoteTestRunner.java:760)
	at org.eclipse.jdt.internal.junit.runner.RemoteTestRunner.run(RemoteTestRunner.java:460)
	at org.eclipse.jdt.internal.junit.runner.RemoteTestRunner.main(RemoteTestRunner.java:206)
</pre></td>
												</tr>
												<tr class='log' status='fail'>
													<td class='status fail' title='fail' alt='fail'><i class='material-icons'>cancel</i></td>
													<td class='timestamp'>3:36:41 PM</td>
													<td class='step-details'>failed</td>
												</tr>
										</tbody>
									</table>
								</div>
						</div>
				</li>
				<li class='node level-2 leaf skip' status='skip' test-id='33'>
					<div class='collapsible-header'>
						<div class='node-name'>And The user selects trip type, dates and number of passengers</div>						
						<span class='node-time'>Feb 26, 2019 03:36:41 PM</span>
						<span class='node-duration'>0h 0m 0s+1ms</span>
						<span class='test-status right skip'>skip</span>
					</div>
						<div class='collapsible-body'>
								<div class='node-steps'>
									<table class='bordered table-results'>
										<thead>
											<tr>
												<th>Status</th>
												<th>Timestamp</th>
												<th>Details</th>
											</tr>
										</thead>
										<tbody>
												<tr class='log' status='info'>
													<td class='status info' title='info' alt='info'><i class='material-icons'>info_outline</i></td>
													<td class='timestamp'>3:36:41 PM</td>
													<td class='step-details'><table><tr><td>Round Trip</td><td>01/25/2019</td><td>01/30/2019</td><td>2 Passengers</td></tr></table></td>
												</tr>
												<tr class='log' status='skip'>
													<td class='status skip' title='skip' alt='skip'><i class='material-icons'>redo</i></td>
													<td class='timestamp'>3:36:41 PM</td>
													<td class='step-details'>skipped</td>
												</tr>
										</tbody>
									</table>
								</div>
						</div>
				</li>
				<li class='node level-2 leaf skip' status='skip' test-id='34'>
					<div class='collapsible-header'>
						<div class='node-name'>Then The user should see the list of flights</div>						
						<span class='node-time'>Feb 26, 2019 03:36:41 PM</span>
						<span class='node-duration'>0h 0m 2s+702ms</span>
						<span class='test-status right skip'>skip</span>
					</div>
						<div class='collapsible-body'>
								<div class='node-steps'>
									<table class='bordered table-results'>
										<thead>
											<tr>
												<th>Status</th>
												<th>Timestamp</th>
												<th>Details</th>
											</tr>
										</thead>
										<tbody>
												<tr class='log' status='info'>
													<td class='status info' title='info' alt='info'><i class='material-icons'>info_outline</i></td>
													<td class='timestamp'>3:36:41 PM</td>
													<td class='step-details'><table><tr><td>DL 2811</td><td>DL 2823</td><td>DL 2827</td><td>DL 2815</td><td>DL 2819</td></tr></table></td>
												</tr>
												<tr class='log' status='skip'>
													<td class='status skip' title='skip' alt='skip'><i class='material-icons'>redo</i></td>
													<td class='timestamp'>3:36:41 PM</td>
													<td class='step-details'>skipped</td>
												</tr>
												<tr class='log' status='pass'>
													<td class='status pass' title='pass' alt='pass'><i class='material-icons'>check_circle</i></td>
													<td class='timestamp'>3:36:44 PM</td>
													<td class='step-details'>Browser closed successfully</td>
												</tr>
										</tbody>
									</table>
								</div>
						</div>
				</li>
						</ul>
				</li>
	</ul>
					</div>
				</li>
				
				
				<li class='test displayed active has-leaf fail' status='fail' bdd='false' test-id='35'>
					<div class='test-heading'>
						<span class='test-name'>To list the available flights</span>
						<span class='test-time'>Feb 26, 2019 03:36:44 PM</span>
						<span class='test-status right fail'>fail</span>
					</div>
					<div class='test-content hide'>
<div class='test-time-info'>
	<span class='label start-time'>Feb 26, 2019 03:36:44 PM</span>
	<span class='label end-time'>Feb 26, 2019 03:37:01 PM</span>
	<span class='label time-taken grey lighten-1 white-text'>0h 0m 17s+250ms</span>
</div>
	<div class='test-attributes'>
			<div class='category-list'>
				<span class='category label white-text'>@tag</span>
			</div>
	</div>
	<ul class='collapsible node-list' data-collapsible='accordion'>
		
				<li class='node level-1  fail' status='fail' test-id='36'>
					<div class='collapsible-header'>
						<div class='node-name'>Scenario Outline: To validate flight list</div>						
						<span class='node-time'>Feb 26, 2019 03:36:44 PM</span>
						<span class='node-duration'>0h 0m 17s+250ms</span>
						<span class='test-status right fail'>fail</span>
					</div>
						<div class='collapsible-body'>
								<div class='node-steps'>
									<table class='bordered table-results'>
										<thead>
											<tr>
												<th>Status</th>
												<th>Timestamp</th>
												<th>Details</th>
											</tr>
										</thead>
										<tbody>
												<tr class='log' status='info'>
													<td class='status info' title='info' alt='info'><i class='material-icons'>info_outline</i></td>
													<td class='timestamp'>3:36:44 PM</td>
													<td class='step-details'><table><tr><td>Source</td><td>Destination</td><td>Date</td><td>FlightList</td></tr><tr><td>ATL</td><td>MSP</td><td>29 October 2018</td><td>DL1866,DL0950</td></tr></table></td>
												</tr>
										</tbody>
									</table>
								</div>
						</div>
						<ul class='collapsible node-list' data-collapsible='accordion'>
				<li class='node level-2  fail' status='fail' test-id='37'>
					<div class='collapsible-header'>
						<div class='node-name'>Scenario: To validate flight list</div>						
						<span class='node-time'>Feb 26, 2019 03:36:44 PM</span>
						<span class='node-duration'>0h 0m 17s+250ms</span>
						<span class='test-status right fail'>fail</span>
					</div>
						<ul class='collapsible node-list' data-collapsible='accordion'>
				<li class='node level-3 leaf pass' status='pass' test-id='38'>
					<div class='collapsible-header'>
						<div class='node-name'>Given The User is in Delta homepage</div>						
						<span class='node-time'>Feb 26, 2019 03:36:47 PM</span>
						<span class='node-duration'>0h 0m 5s+794ms</span>
						<span class='test-status right pass'>pass</span>
					</div>
						<div class='collapsible-body'>
								<div class='node-steps'>
									<table class='bordered table-results'>
										<thead>
											<tr>
												<th>Status</th>
												<th>Timestamp</th>
												<th>Details</th>
											</tr>
										</thead>
										<tbody>
												<tr class='log' status='pass'>
													<td class='status pass' title='pass' alt='pass'><i class='material-icons'>check_circle</i></td>
													<td class='timestamp'>3:36:53 PM</td>
													<td class='step-details'>passed</td>
												</tr>
										</tbody>
									</table>
								</div>
						</div>
				</li>
				<li class='node level-3 leaf pass' status='pass' test-id='39'>
					<div class='collapsible-header'>
						<div class='node-name'>And The user naviagates to flight status page</div>						
						<span class='node-time'>Feb 26, 2019 03:36:53 PM</span>
						<span class='node-duration'>0h 0m 0s+344ms</span>
						<span class='test-status right pass'>pass</span>
					</div>
						<div class='collapsible-body'>
								<div class='node-steps'>
									<table class='bordered table-results'>
										<thead>
											<tr>
												<th>Status</th>
												<th>Timestamp</th>
												<th>Details</th>
											</tr>
										</thead>
										<tbody>
												<tr class='log' status='pass'>
													<td class='status pass' title='pass' alt='pass'><i class='material-icons'>check_circle</i></td>
													<td class='timestamp'>3:36:53 PM</td>
													<td class='step-details'>[[ChromeDriver: chrome on XP (eaf409b98c7f3f17b6939af44a46f246)] -> xpath: //a[contains(@class,'flightstatus')]]element is clicked successfully</td>
												</tr>
												<tr class='log' status='pass'>
													<td class='status pass' title='pass' alt='pass'><i class='material-icons'>check_circle</i></td>
													<td class='timestamp'>3:36:53 PM</td>
													<td class='step-details'>passed</td>
												</tr>
										</tbody>
									</table>
								</div>
						</div>
				</li>
				<li class='node level-3 leaf fail' status='fail' test-id='40'>
					<div class='collapsible-header'>
						<div class='node-name'>When The user search by route for the details "ATL", "MSP" and "29 October 2018"</div>						
						<span class='node-time'>Feb 26, 2019 03:36:53 PM</span>
						<span class='node-duration'>0h 0m 5s+335ms</span>
						<span class='test-status right fail'>fail</span>
					</div>
						<div class='collapsible-body'>
								<div class='node-steps'>
									<table class='bordered table-results'>
										<thead>
											<tr>
												<th>Status</th>
												<th>Timestamp</th>
												<th>Details</th>
											</tr>
										</thead>
										<tbody>
												<tr class='log' status='pass'>
													<td class='status pass' title='pass' alt='pass'><i class='material-icons'>check_circle</i></td>
													<td class='timestamp'>3:36:54 PM</td>
													<td class='step-details'>[[ChromeDriver: chrome on XP (eaf409b98c7f3f17b6939af44a46f246)] -> id: input_departureDate_1]element is clicked successfully</td>
												</tr>
												<tr class='log' status='fail'>
													<td class='status fail' title='fail' alt='fail'><i class='material-icons'>cancel</i></td>
													<td class='timestamp'>3:36:59 PM</td>
													<td class='step-details'><pre>org.openqa.selenium.NoSuchElementException: no such element: Unable to locate element: {"method":"xpath","selector":"//div//table//tbody//tr//td//a[contains(@data-date,'29 October 2018')]"}
  (Session info: chrome=72.0.3626.119)
  (Driver info: chromedriver=2.41.578737 (49da6702b16031c40d63e5618de03a32ff6c197e),platform=Windows NT 6.1.7600 x86_64) (WARNING: The server did not provide any stacktrace information)
Command duration or timeout: 0 milliseconds
For documentation on this error, please visit: http://seleniumhq.org/exceptions/no_such_element.html
Build info: version: '3.8.1', revision: '6e95a6684b', time: '2017-12-01T19:05:32.194Z'
System info: host: 'GREENS-11-PC', ip: '192.168.1.86', os.name: 'Windows 7', os.arch: 'amd64', os.version: '6.1', java.version: '1.8.0_144'
Driver info: org.openqa.selenium.chrome.ChromeDriver
Capabilities {acceptInsecureCerts: false, acceptSslCerts: false, applicationCacheEnabled: false, browserConnectionEnabled: false, browserName: chrome, chrome: {chromedriverVersion: 2.41.578737 (49da6702b16031..., userDataDir: C:\Users\GREENS~1\AppData\L...}, cssSelectorsEnabled: true, databaseEnabled: false, goog:chromeOptions: {debuggerAddress: localhost:54414}, handlesAlerts: true, hasTouchScreen: false, javascriptEnabled: true, locationContextEnabled: true, mobileEmulationEnabled: false, nativeEvents: true, networkConnectionEnabled: false, pageLoadStrategy: normal, platform: XP, platformName: XP, rotatable: false, setWindowRect: true, takesHeapSnapshot: true, takesScreenshot: true, unexpectedAlertBehaviour: , unhandledPromptBehavior: , version: 72.0.3626.119, webStorageEnabled: true}
Session ID: eaf409b98c7f3f17b6939af44a46f246
*** Element info: {Using=xpath, value=//div//table//tbody//tr//td//a[contains(@data-date,'29 October 2018')]}
	at sun.reflect.NativeConstructorAccessorImpl.newInstance0(Native Method)
	at sun.reflect.NativeConstructorAccessorImpl.newInstance(NativeConstructorAccessorImpl.java:62)
	at sun.reflect.DelegatingConstructorAccessorImpl.newInstance(DelegatingConstructorAccessorImpl.java:45)
	at java.lang.reflect.Constructor.newInstance(Constructor.java:423)
	at org.openqa.selenium.remote.ErrorHandler.createThrowable(ErrorHandler.java:214)
	at org.openqa.selenium.remote.ErrorHandler.throwIfResponseFailed(ErrorHandler.java:166)
	at org.openqa.selenium.remote.http.JsonHttpResponseCodec.reconstructValue(JsonHttpResponseCodec.java:40)
	at org.openqa.selenium.remote.http.AbstractHttpResponseCodec.decode(AbstractHttpResponseCodec.java:80)
	at org.openqa.selenium.remote.http.AbstractHttpResponseCodec.decode(AbstractHttpResponseCodec.java:44)
	at org.openqa.selenium.remote.HttpCommandExecutor.execute(HttpCommandExecutor.java:164)
	at org.openqa.selenium.remote.service.DriverCommandExecutor.execute(DriverCommandExecutor.java:83)
	at org.openqa.selenium.remote.RemoteWebDriver.execute(RemoteWebDriver.java:601)
	at org.openqa.selenium.remote.RemoteWebDriver.findElement(RemoteWebDriver.java:371)
	at org.openqa.selenium.remote.RemoteWebDriver.findElementByXPath(RemoteWebDriver.java:473)
	at org.openqa.selenium.By$ByXPath.findElement(By.java:361)
	at org.openqa.selenium.remote.RemoteWebDriver.findElement(RemoteWebDriver.java:363)
	at com.ObjectRepository.HomePage.SelectDateFromWebCalendar(HomePage.java:198)
	at com.stepdefinition.FlightInfoSteps.the_search_by_route_for_the_details_and(FlightInfoSteps.java:20)
	at ?.When The user search by route for the details "ATL", "MSP" and "29 October 2018"(FlightStatus/FlightListvalidation.feature:9)
</pre></td>
												</tr>
												<tr class='log' status='fail'>
													<td class='status fail' title='fail' alt='fail'><i class='material-icons'>cancel</i></td>
													<td class='timestamp'>3:36:59 PM</td>
													<td class='step-details'>failed</td>
												</tr>
										</tbody>
									</table>
								</div>
						</div>
				</li>
				<li class='node level-3 leaf skip' status='skip' test-id='41'>
					<div class='collapsible-header'>
						<div class='node-name'>And Click search button</div>						
						<span class='node-time'>Feb 26, 2019 03:36:59 PM</span>
						<span class='node-duration'>0h 0m 0s+0ms</span>
						<span class='test-status right skip'>skip</span>
					</div>
						<div class='collapsible-body'>
								<div class='node-steps'>
									<table class='bordered table-results'>
										<thead>
											<tr>
												<th>Status</th>
												<th>Timestamp</th>
												<th>Details</th>
											</tr>
										</thead>
										<tbody>
												<tr class='log' status='skip'>
													<td class='status skip' title='skip' alt='skip'><i class='material-icons'>redo</i></td>
													<td class='timestamp'>3:36:59 PM</td>
													<td class='step-details'>skipped</td>
												</tr>
										</tbody>
									</table>
								</div>
						</div>
				</li>
				<li class='node level-3 leaf skip' status='skip' test-id='42'>
					<div class='collapsible-header'>
						<div class='node-name'>Then User validates the list of flights "DL1866,DL0950"</div>						
						<span class='node-time'>Feb 26, 2019 03:36:59 PM</span>
						<span class='node-duration'>0h 0m 2s+451ms</span>
						<span class='test-status right skip'>skip</span>
					</div>
						<div class='collapsible-body'>
								<div class='node-steps'>
									<table class='bordered table-results'>
										<thead>
											<tr>
												<th>Status</th>
												<th>Timestamp</th>
												<th>Details</th>
											</tr>
										</thead>
										<tbody>
												<tr class='log' status='skip'>
													<td class='status skip' title='skip' alt='skip'><i class='material-icons'>redo</i></td>
													<td class='timestamp'>3:36:59 PM</td>
													<td class='step-details'>skipped</td>
												</tr>
												<tr class='log' status='pass'>
													<td class='status pass' title='pass' alt='pass'><i class='material-icons'>check_circle</i></td>
													<td class='timestamp'>3:37:01 PM</td>
													<td class='step-details'>Browser closed successfully</td>
												</tr>
										</tbody>
									</table>
								</div>
						</div>
				</li>
						</ul>
				</li>
						</ul>
				</li>
	</ul>
					</div>
				</li>
				
				
				<li class='test displayed active has-leaf fail' status='fail' bdd='false' test-id='43'>
					<div class='test-heading'>
						<span class='test-name'>TO verify single flight status</span>
						<span class='test-time'>Feb 26, 2019 03:37:01 PM</span>
						<span class='test-status right fail'>fail</span>
					</div>
					<div class='test-content hide'>
<div class='test-time-info'>
	<span class='label start-time'>Feb 26, 2019 03:37:01 PM</span>
	<span class='label end-time'>Feb 26, 2019 03:37:47 PM</span>
	<span class='label time-taken grey lighten-1 white-text'>0h 0m 45s+655ms</span>
</div>
	<ul class='collapsible node-list' data-collapsible='accordion'>
		
				<li class='node level-1  fail' status='fail' test-id='44'>
					<div class='collapsible-header'>
						<div class='node-name'>Scenario Outline: To verify the flight number,source and destination</div>						
						<span class='node-time'>Feb 26, 2019 03:37:01 PM</span>
						<span class='node-duration'>0h 0m 45s+655ms</span>
						<span class='test-status right fail'>fail</span>
					</div>
						<div class='collapsible-body'>
								<div class='node-steps'>
									<table class='bordered table-results'>
										<thead>
											<tr>
												<th>Status</th>
												<th>Timestamp</th>
												<th>Details</th>
											</tr>
										</thead>
										<tbody>
												<tr class='log' status='info'>
													<td class='status info' title='info' alt='info'><i class='material-icons'>info_outline</i></td>
													<td class='timestamp'>3:37:01 PM</td>
													<td class='step-details'><table><tr><td>flightNumber</td><td>date</td><td>source</td><td>destination</td></tr><tr><td>DL1885</td><td>12/01/2018</td><td>ATL</td><td>MSP</td></tr><tr><td>DL1866</td><td>12/01/2018</td><td>ATL</td><td>MSP</td></tr></table></td>
												</tr>
										</tbody>
									</table>
								</div>
						</div>
						<ul class='collapsible node-list' data-collapsible='accordion'>
				<li class='node level-2  fail' status='fail' test-id='45'>
					<div class='collapsible-header'>
						<div class='node-name'>Scenario: To verify the flight number,source and destination</div>						
						<span class='node-time'>Feb 26, 2019 03:37:01 PM</span>
						<span class='node-duration'>0h 0m 26s+834ms</span>
						<span class='test-status right fail'>fail</span>
					</div>
						<ul class='collapsible node-list' data-collapsible='accordion'>
				<li class='node level-3 leaf pass' status='pass' test-id='46'>
					<div class='collapsible-header'>
						<div class='node-name'>Given The User is in Delta homepage</div>						
						<span class='node-time'>Feb 26, 2019 03:37:04 PM</span>
						<span class='node-duration'>0h 0m 15s+440ms</span>
						<span class='test-status right pass'>pass</span>
					</div>
						<div class='collapsible-body'>
								<div class='node-steps'>
									<table class='bordered table-results'>
										<thead>
											<tr>
												<th>Status</th>
												<th>Timestamp</th>
												<th>Details</th>
											</tr>
										</thead>
										<tbody>
												<tr class='log' status='pass'>
													<td class='status pass' title='pass' alt='pass'><i class='material-icons'>check_circle</i></td>
													<td class='timestamp'>3:37:20 PM</td>
													<td class='step-details'>passed</td>
												</tr>
										</tbody>
									</table>
								</div>
						</div>
				</li>
				<li class='node level-3 leaf pass' status='pass' test-id='47'>
					<div class='collapsible-header'>
						<div class='node-name'>And The user navigates to flight status page</div>						
						<span class='node-time'>Feb 26, 2019 03:37:20 PM</span>
						<span class='node-duration'>0h 0m 0s+321ms</span>
						<span class='test-status right pass'>pass</span>
					</div>
						<div class='collapsible-body'>
								<div class='node-steps'>
									<table class='bordered table-results'>
										<thead>
											<tr>
												<th>Status</th>
												<th>Timestamp</th>
												<th>Details</th>
											</tr>
										</thead>
										<tbody>
												<tr class='log' status='pass'>
													<td class='status pass' title='pass' alt='pass'><i class='material-icons'>check_circle</i></td>
													<td class='timestamp'>3:37:20 PM</td>
													<td class='step-details'>[[ChromeDriver: chrome on XP (a5f46ef8b72929fd2c496bc7c61b5547)] -> xpath: //a[contains(@class,'flightstatus')]]element is clicked successfully</td>
												</tr>
												<tr class='log' status='pass'>
													<td class='status pass' title='pass' alt='pass'><i class='material-icons'>check_circle</i></td>
													<td class='timestamp'>3:37:20 PM</td>
													<td class='step-details'>passed</td>
												</tr>
										</tbody>
									</table>
								</div>
						</div>
				</li>
				<li class='node level-3 leaf fail' status='fail' test-id='48'>
					<div class='collapsible-header'>
						<div class='node-name'>When The user enters flight number "DL1885" and date "12/01/2018"</div>						
						<span class='node-time'>Feb 26, 2019 03:37:20 PM</span>
						<span class='node-duration'>0h 0m 5s+288ms</span>
						<span class='test-status right fail'>fail</span>
					</div>
						<div class='collapsible-body'>
								<div class='node-steps'>
									<table class='bordered table-results'>
										<thead>
											<tr>
												<th>Status</th>
												<th>Timestamp</th>
												<th>Details</th>
											</tr>
										</thead>
										<tbody>
												<tr class='log' status='pass'>
													<td class='status pass' title='pass' alt='pass'><i class='material-icons'>check_circle</i></td>
													<td class='timestamp'>3:37:20 PM</td>
													<td class='step-details'>[[ChromeDriver: chrome on XP (a5f46ef8b72929fd2c496bc7c61b5547)] -> id: input_departureDate_1]element is clicked successfully</td>
												</tr>
												<tr class='log' status='fail'>
													<td class='status fail' title='fail' alt='fail'><i class='material-icons'>cancel</i></td>
													<td class='timestamp'>3:37:25 PM</td>
													<td class='step-details'><pre>org.openqa.selenium.NoSuchElementException: no such element: Unable to locate element: {"method":"xpath","selector":"//div//table//tbody//tr//td//a[contains(@data-date,'12/01/2018')]"}
  (Session info: chrome=72.0.3626.119)
  (Driver info: chromedriver=2.41.578737 (49da6702b16031c40d63e5618de03a32ff6c197e),platform=Windows NT 6.1.7600 x86_64) (WARNING: The server did not provide any stacktrace information)
Command duration or timeout: 0 milliseconds
For documentation on this error, please visit: http://seleniumhq.org/exceptions/no_such_element.html
Build info: version: '3.8.1', revision: '6e95a6684b', time: '2017-12-01T19:05:32.194Z'
System info: host: 'GREENS-11-PC', ip: '192.168.1.86', os.name: 'Windows 7', os.arch: 'amd64', os.version: '6.1', java.version: '1.8.0_144'
Driver info: org.openqa.selenium.chrome.ChromeDriver
Capabilities {acceptInsecureCerts: false, acceptSslCerts: false, applicationCacheEnabled: false, browserConnectionEnabled: false, browserName: chrome, chrome: {chromedriverVersion: 2.41.578737 (49da6702b16031..., userDataDir: C:\Users\GREENS~1\AppData\L...}, cssSelectorsEnabled: true, databaseEnabled: false, goog:chromeOptions: {debuggerAddress: localhost:55093}, handlesAlerts: true, hasTouchScreen: false, javascriptEnabled: true, locationContextEnabled: true, mobileEmulationEnabled: false, nativeEvents: true, networkConnectionEnabled: false, pageLoadStrategy: normal, platform: XP, platformName: XP, rotatable: false, setWindowRect: true, takesHeapSnapshot: true, takesScreenshot: true, unexpectedAlertBehaviour: , unhandledPromptBehavior: , version: 72.0.3626.119, webStorageEnabled: true}
Session ID: a5f46ef8b72929fd2c496bc7c61b5547
*** Element info: {Using=xpath, value=//div//table//tbody//tr//td//a[contains(@data-date,'12/01/2018')]}
	at sun.reflect.NativeConstructorAccessorImpl.newInstance0(Native Method)
	at sun.reflect.NativeConstructorAccessorImpl.newInstance(NativeConstructorAccessorImpl.java:62)
	at sun.reflect.DelegatingConstructorAccessorImpl.newInstance(DelegatingConstructorAccessorImpl.java:45)
	at java.lang.reflect.Constructor.newInstance(Constructor.java:423)
	at org.openqa.selenium.remote.ErrorHandler.createThrowable(ErrorHandler.java:214)
	at org.openqa.selenium.remote.ErrorHandler.throwIfResponseFailed(ErrorHandler.java:166)
	at org.openqa.selenium.remote.http.JsonHttpResponseCodec.reconstructValue(JsonHttpResponseCodec.java:40)
	at org.openqa.selenium.remote.http.AbstractHttpResponseCodec.decode(AbstractHttpResponseCodec.java:80)
	at org.openqa.selenium.remote.http.AbstractHttpResponseCodec.decode(AbstractHttpResponseCodec.java:44)
	at org.openqa.selenium.remote.HttpCommandExecutor.execute(HttpCommandExecutor.java:164)
	at org.openqa.selenium.remote.service.DriverCommandExecutor.execute(DriverCommandExecutor.java:83)
	at org.openqa.selenium.remote.RemoteWebDriver.execute(RemoteWebDriver.java:601)
	at org.openqa.selenium.remote.RemoteWebDriver.findElement(RemoteWebDriver.java:371)
	at org.openqa.selenium.remote.RemoteWebDriver.findElementByXPath(RemoteWebDriver.java:473)
	at org.openqa.selenium.By$ByXPath.findElement(By.java:361)
	at org.openqa.selenium.remote.RemoteWebDriver.findElement(RemoteWebDriver.java:363)
	at com.ObjectRepository.HomePage.SelectDateFromWebCalendar(HomePage.java:198)
	at com.stepdefinition.HomePageSteps.the_user_enters_flight_number_and_date(HomePageSteps.java:140)
	at ?.When The user enters flight number "DL1885" and date "12/01/2018"(FlightStatus/SingleFlightValidation.feature:7)
</pre></td>
												</tr>
												<tr class='log' status='fail'>
													<td class='status fail' title='fail' alt='fail'><i class='material-icons'>cancel</i></td>
													<td class='timestamp'>3:37:25 PM</td>
													<td class='step-details'>failed</td>
												</tr>
										</tbody>
									</table>
								</div>
						</div>
				</li>
				<li class='node level-3 leaf skip' status='skip' test-id='49'>
					<div class='collapsible-header'>
						<div class='node-name'>Then The user should see the flight number "DL1885" ,source "ATL" and destination "MSP"</div>						
						<span class='node-time'>Feb 26, 2019 03:37:25 PM</span>
						<span class='node-duration'>0h 0m 2s+515ms</span>
						<span class='test-status right skip'>skip</span>
					</div>
						<div class='collapsible-body'>
								<div class='node-steps'>
									<table class='bordered table-results'>
										<thead>
											<tr>
												<th>Status</th>
												<th>Timestamp</th>
												<th>Details</th>
											</tr>
										</thead>
										<tbody>
												<tr class='log' status='skip'>
													<td class='status skip' title='skip' alt='skip'><i class='material-icons'>redo</i></td>
													<td class='timestamp'>3:37:25 PM</td>
													<td class='step-details'>skipped</td>
												</tr>
												<tr class='log' status='pass'>
													<td class='status pass' title='pass' alt='pass'><i class='material-icons'>check_circle</i></td>
													<td class='timestamp'>3:37:28 PM</td>
													<td class='step-details'>Browser closed successfully</td>
												</tr>
										</tbody>
									</table>
								</div>
						</div>
				</li>
						</ul>
				</li>
				<li class='node level-2  fail' status='fail' test-id='50'>
					<div class='collapsible-header'>
						<div class='node-name'>Scenario: To verify the flight number,source and destination</div>						
						<span class='node-time'>Feb 26, 2019 03:37:28 PM</span>
						<span class='node-duration'>0h 0m 18s+821ms</span>
						<span class='test-status right fail'>fail</span>
					</div>
						<ul class='collapsible node-list' data-collapsible='accordion'>
				<li class='node level-3 leaf pass' status='pass' test-id='51'>
					<div class='collapsible-header'>
						<div class='node-name'>Given The User is in Delta homepage</div>						
						<span class='node-time'>Feb 26, 2019 03:37:31 PM</span>
						<span class='node-duration'>0h 0m 7s+59ms</span>
						<span class='test-status right pass'>pass</span>
					</div>
						<div class='collapsible-body'>
								<div class='node-steps'>
									<table class='bordered table-results'>
										<thead>
											<tr>
												<th>Status</th>
												<th>Timestamp</th>
												<th>Details</th>
											</tr>
										</thead>
										<tbody>
												<tr class='log' status='pass'>
													<td class='status pass' title='pass' alt='pass'><i class='material-icons'>check_circle</i></td>
													<td class='timestamp'>3:37:38 PM</td>
													<td class='step-details'>passed</td>
												</tr>
										</tbody>
									</table>
								</div>
						</div>
				</li>
				<li class='node level-3 leaf pass' status='pass' test-id='52'>
					<div class='collapsible-header'>
						<div class='node-name'>And The user navigates to flight status page</div>						
						<span class='node-time'>Feb 26, 2019 03:37:38 PM</span>
						<span class='node-duration'>0h 0m 0s+349ms</span>
						<span class='test-status right pass'>pass</span>
					</div>
						<div class='collapsible-body'>
								<div class='node-steps'>
									<table class='bordered table-results'>
										<thead>
											<tr>
												<th>Status</th>
												<th>Timestamp</th>
												<th>Details</th>
											</tr>
										</thead>
										<tbody>
												<tr class='log' status='pass'>
													<td class='status pass' title='pass' alt='pass'><i class='material-icons'>check_circle</i></td>
													<td class='timestamp'>3:37:39 PM</td>
													<td class='step-details'>[[ChromeDriver: chrome on XP (f39514c8bd05bc475d93cfb8a535a47c)] -> xpath: //a[contains(@class,'flightstatus')]]element is clicked successfully</td>
												</tr>
												<tr class='log' status='pass'>
													<td class='status pass' title='pass' alt='pass'><i class='material-icons'>check_circle</i></td>
													<td class='timestamp'>3:37:39 PM</td>
													<td class='step-details'>passed</td>
												</tr>
										</tbody>
									</table>
								</div>
						</div>
				</li>
				<li class='node level-3 leaf fail' status='fail' test-id='53'>
					<div class='collapsible-header'>
						<div class='node-name'>When The user enters flight number "DL1866" and date "12/01/2018"</div>						
						<span class='node-time'>Feb 26, 2019 03:37:39 PM</span>
						<span class='node-duration'>0h 0m 5s+331ms</span>
						<span class='test-status right fail'>fail</span>
					</div>
						<div class='collapsible-body'>
								<div class='node-steps'>
									<table class='bordered table-results'>
										<thead>
											<tr>
												<th>Status</th>
												<th>Timestamp</th>
												<th>Details</th>
											</tr>
										</thead>
										<tbody>
												<tr class='log' status='pass'>
													<td class='status pass' title='pass' alt='pass'><i class='material-icons'>check_circle</i></td>
													<td class='timestamp'>3:37:39 PM</td>
													<td class='step-details'>[[ChromeDriver: chrome on XP (f39514c8bd05bc475d93cfb8a535a47c)] -> id: input_departureDate_1]element is clicked successfully</td>
												</tr>
												<tr class='log' status='fail'>
													<td class='status fail' title='fail' alt='fail'><i class='material-icons'>cancel</i></td>
													<td class='timestamp'>3:37:44 PM</td>
													<td class='step-details'><pre>org.openqa.selenium.NoSuchElementException: no such element: Unable to locate element: {"method":"xpath","selector":"//div//table//tbody//tr//td//a[contains(@data-date,'12/01/2018')]"}
  (Session info: chrome=72.0.3626.119)
  (Driver info: chromedriver=2.41.578737 (49da6702b16031c40d63e5618de03a32ff6c197e),platform=Windows NT 6.1.7600 x86_64) (WARNING: The server did not provide any stacktrace information)
Command duration or timeout: 0 milliseconds
For documentation on this error, please visit: http://seleniumhq.org/exceptions/no_such_element.html
Build info: version: '3.8.1', revision: '6e95a6684b', time: '2017-12-01T19:05:32.194Z'
System info: host: 'GREENS-11-PC', ip: '192.168.1.86', os.name: 'Windows 7', os.arch: 'amd64', os.version: '6.1', java.version: '1.8.0_144'
Driver info: org.openqa.selenium.chrome.ChromeDriver
Capabilities {acceptInsecureCerts: false, acceptSslCerts: false, applicationCacheEnabled: false, browserConnectionEnabled: false, browserName: chrome, chrome: {chromedriverVersion: 2.41.578737 (49da6702b16031..., userDataDir: C:\Users\GREENS~1\AppData\L...}, cssSelectorsEnabled: true, databaseEnabled: false, goog:chromeOptions: {debuggerAddress: localhost:55951}, handlesAlerts: true, hasTouchScreen: false, javascriptEnabled: true, locationContextEnabled: true, mobileEmulationEnabled: false, nativeEvents: true, networkConnectionEnabled: false, pageLoadStrategy: normal, platform: XP, platformName: XP, rotatable: false, setWindowRect: true, takesHeapSnapshot: true, takesScreenshot: true, unexpectedAlertBehaviour: , unhandledPromptBehavior: , version: 72.0.3626.119, webStorageEnabled: true}
Session ID: f39514c8bd05bc475d93cfb8a535a47c
*** Element info: {Using=xpath, value=//div//table//tbody//tr//td//a[contains(@data-date,'12/01/2018')]}
	at sun.reflect.NativeConstructorAccessorImpl.newInstance0(Native Method)
	at sun.reflect.NativeConstructorAccessorImpl.newInstance(NativeConstructorAccessorImpl.java:62)
	at sun.reflect.DelegatingConstructorAccessorImpl.newInstance(DelegatingConstructorAccessorImpl.java:45)
	at java.lang.reflect.Constructor.newInstance(Constructor.java:423)
	at org.openqa.selenium.remote.ErrorHandler.createThrowable(ErrorHandler.java:214)
	at org.openqa.selenium.remote.ErrorHandler.throwIfResponseFailed(ErrorHandler.java:166)
	at org.openqa.selenium.remote.http.JsonHttpResponseCodec.reconstructValue(JsonHttpResponseCodec.java:40)
	at org.openqa.selenium.remote.http.AbstractHttpResponseCodec.decode(AbstractHttpResponseCodec.java:80)
	at org.openqa.selenium.remote.http.AbstractHttpResponseCodec.decode(AbstractHttpResponseCodec.java:44)
	at org.openqa.selenium.remote.HttpCommandExecutor.execute(HttpCommandExecutor.java:164)
	at org.openqa.selenium.remote.service.DriverCommandExecutor.execute(DriverCommandExecutor.java:83)
	at org.openqa.selenium.remote.RemoteWebDriver.execute(RemoteWebDriver.java:601)
	at org.openqa.selenium.remote.RemoteWebDriver.findElement(RemoteWebDriver.java:371)
	at org.openqa.selenium.remote.RemoteWebDriver.findElementByXPath(RemoteWebDriver.java:473)
	at org.openqa.selenium.By$ByXPath.findElement(By.java:361)
	at org.openqa.selenium.remote.RemoteWebDriver.findElement(RemoteWebDriver.java:363)
	at com.ObjectRepository.HomePage.SelectDateFromWebCalendar(HomePage.java:198)
	at com.stepdefinition.HomePageSteps.the_user_enters_flight_number_and_date(HomePageSteps.java:140)
	at ?.When The user enters flight number "DL1866" and date "12/01/2018"(FlightStatus/SingleFlightValidation.feature:7)
</pre></td>
												</tr>
												<tr class='log' status='fail'>
													<td class='status fail' title='fail' alt='fail'><i class='material-icons'>cancel</i></td>
													<td class='timestamp'>3:37:44 PM</td>
													<td class='step-details'>failed</td>
												</tr>
										</tbody>
									</table>
								</div>
						</div>
				</li>
				<li class='node level-3 leaf skip' status='skip' test-id='54'>
					<div class='collapsible-header'>
						<div class='node-name'>Then The user should see the flight number "DL1866" ,source "ATL" and destination "MSP"</div>						
						<span class='node-time'>Feb 26, 2019 03:37:44 PM</span>
						<span class='node-duration'>0h 0m 2s+711ms</span>
						<span class='test-status right skip'>skip</span>
					</div>
						<div class='collapsible-body'>
								<div class='node-steps'>
									<table class='bordered table-results'>
										<thead>
											<tr>
												<th>Status</th>
												<th>Timestamp</th>
												<th>Details</th>
											</tr>
										</thead>
										<tbody>
												<tr class='log' status='skip'>
													<td class='status skip' title='skip' alt='skip'><i class='material-icons'>redo</i></td>
													<td class='timestamp'>3:37:44 PM</td>
													<td class='step-details'>skipped</td>
												</tr>
												<tr class='log' status='pass'>
													<td class='status pass' title='pass' alt='pass'><i class='material-icons'>check_circle</i></td>
													<td class='timestamp'>3:37:47 PM</td>
													<td class='step-details'>Browser closed successfully</td>
												</tr>
										</tbody>
									</table>
								</div>
						</div>
				</li>
						</ul>
				</li>
						</ul>
				</li>
	</ul>
					</div>
				</li>
				
				
				<li class='test displayed active has-leaf pass' status='pass' bdd='false' test-id='55'>
					<div class='test-heading'>
						<span class='test-name'>To test rent a car functionality</span>
						<span class='test-time'>Feb 26, 2019 03:37:47 PM</span>
						<span class='test-status right pass'>pass</span>
					</div>
					<div class='test-content hide'>
<div class='test-time-info'>
	<span class='label start-time'>Feb 26, 2019 03:37:47 PM</span>
	<span class='label end-time'>Feb 26, 2019 03:38:11 PM</span>
	<span class='label time-taken grey lighten-1 white-text'>0h 0m 23s+979ms</span>
</div>
	<div class='test-attributes'>
			<div class='category-list'>
				<span class='category label white-text'>@tag</span>
			</div>
	</div>
	<ul class='collapsible node-list' data-collapsible='accordion'>
		
				<li class='node level-1  pass' status='pass' test-id='56'>
					<div class='collapsible-header'>
						<div class='node-name'>Scenario: To test the error message when the user clicks book a car with empty fields</div>						
						<span class='node-time'>Feb 26, 2019 03:37:47 PM</span>
						<span class='node-duration'>0h 0m 23s+979ms</span>
						<span class='test-status right pass'>pass</span>
					</div>
						<ul class='collapsible node-list' data-collapsible='accordion'>
				<li class='node level-2 leaf pass' status='pass' test-id='57'>
					<div class='collapsible-header'>
						<div class='node-name'>Given The User is in Delta homepage</div>						
						<span class='node-time'>Feb 26, 2019 03:37:50 PM</span>
						<span class='node-duration'>0h 0m 5s+992ms</span>
						<span class='test-status right pass'>pass</span>
					</div>
						<div class='collapsible-body'>
								<div class='node-steps'>
									<table class='bordered table-results'>
										<thead>
											<tr>
												<th>Status</th>
												<th>Timestamp</th>
												<th>Details</th>
											</tr>
										</thead>
										<tbody>
												<tr class='log' status='pass'>
													<td class='status pass' title='pass' alt='pass'><i class='material-icons'>check_circle</i></td>
													<td class='timestamp'>3:37:56 PM</td>
													<td class='step-details'>passed</td>
												</tr>
										</tbody>
									</table>
								</div>
						</div>
				</li>
				<li class='node level-2 leaf pass' status='pass' test-id='58'>
					<div class='collapsible-header'>
						<div class='node-name'>And The user navigates to rent a car page</div>						
						<span class='node-time'>Feb 26, 2019 03:37:56 PM</span>
						<span class='node-duration'>0h 0m 11s+317ms</span>
						<span class='test-status right pass'>pass</span>
					</div>
						<div class='collapsible-body'>
								<div class='node-steps'>
									<table class='bordered table-results'>
										<thead>
											<tr>
												<th>Status</th>
												<th>Timestamp</th>
												<th>Details</th>
											</tr>
										</thead>
										<tbody>
												<tr class='log' status='pass'>
													<td class='status pass' title='pass' alt='pass'><i class='material-icons'>check_circle</i></td>
													<td class='timestamp'>3:37:56 PM</td>
													<td class='step-details'>[[ChromeDriver: chrome on XP (adb3abc8ddd966e0d7fda06a215ddc4a)] -> xpath: (//a[contains(@class,'static-link-more')])[1]]element is clicked successfully</td>
												</tr>
												<tr class='log' status='pass'>
													<td class='status pass' title='pass' alt='pass'><i class='material-icons'>check_circle</i></td>
													<td class='timestamp'>3:38:07 PM</td>
													<td class='step-details'>Proxy element for: DefaultElementLocator 'By.xpath: //a[text()='Rent a Car']'element is clicked successfully</td>
												</tr>
												<tr class='log' status='pass'>
													<td class='status pass' title='pass' alt='pass'><i class='material-icons'>check_circle</i></td>
													<td class='timestamp'>3:38:07 PM</td>
													<td class='step-details'>passed</td>
												</tr>
										</tbody>
									</table>
								</div>
						</div>
				</li>
				<li class='node level-2 leaf pass' status='pass' test-id='59'>
					<div class='collapsible-header'>
						<div class='node-name'>When The user clicks the book a car buton</div>						
						<span class='node-time'>Feb 26, 2019 03:38:07 PM</span>
						<span class='node-duration'>0h 0m 0s+216ms</span>
						<span class='test-status right pass'>pass</span>
					</div>
						<div class='collapsible-body'>
								<div class='node-steps'>
									<table class='bordered table-results'>
										<thead>
											<tr>
												<th>Status</th>
												<th>Timestamp</th>
												<th>Details</th>
											</tr>
										</thead>
										<tbody>
												<tr class='log' status='pass'>
													<td class='status pass' title='pass' alt='pass'><i class='material-icons'>check_circle</i></td>
													<td class='timestamp'>3:38:08 PM</td>
													<td class='step-details'>[[ChromeDriver: chrome on XP (adb3abc8ddd966e0d7fda06a215ddc4a)] -> xpath: //input[@value='Book a Car']]element is clicked successfully</td>
												</tr>
												<tr class='log' status='pass'>
													<td class='status pass' title='pass' alt='pass'><i class='material-icons'>check_circle</i></td>
													<td class='timestamp'>3:38:08 PM</td>
													<td class='step-details'>passed</td>
												</tr>
										</tbody>
									</table>
								</div>
						</div>
				</li>
				<li class='node level-2 leaf pass' status='pass' test-id='60'>
					<div class='collapsible-header'>
						<div class='node-name'>Then The user should see the error messages</div>						
						<span class='node-time'>Feb 26, 2019 03:38:08 PM</span>
						<span class='node-duration'>0h 0m 3s+7ms</span>
						<span class='test-status right pass'>pass</span>
					</div>
						<div class='collapsible-body'>
								<div class='node-steps'>
									<table class='bordered table-results'>
										<thead>
											<tr>
												<th>Status</th>
												<th>Timestamp</th>
												<th>Details</th>
											</tr>
										</thead>
										<tbody>
												<tr class='log' status='info'>
													<td class='status info' title='info' alt='info'><i class='material-icons'>info_outline</i></td>
													<td class='timestamp'>3:38:08 PM</td>
													<td class='step-details'><table><tr><td>correct the 3 items indicated.</td></tr></table></td>
												</tr>
												<tr class='log' status='pass'>
													<td class='status pass' title='pass' alt='pass'><i class='material-icons'>check_circle</i></td>
													<td class='timestamp'>3:38:08 PM</td>
													<td class='step-details'>passed</td>
												</tr>
												<tr class='log' status='pass'>
													<td class='status pass' title='pass' alt='pass'><i class='material-icons'>check_circle</i></td>
													<td class='timestamp'>3:38:11 PM</td>
													<td class='step-details'>Browser closed successfully</td>
												</tr>
										</tbody>
									</table>
								</div>
						</div>
				</li>
						</ul>
				</li>
	</ul>
					</div>
				</li>
				
				
				<li class='test displayed active has-leaf pass' status='pass' bdd='false' test-id='61'>
					<div class='test-heading'>
						<span class='test-name'>To test search a hotel functionality</span>
						<span class='test-time'>Feb 26, 2019 03:38:11 PM</span>
						<span class='test-status right pass'>pass</span>
					</div>
					<div class='test-content hide'>
<div class='test-time-info'>
	<span class='label start-time'>Feb 26, 2019 03:38:11 PM</span>
	<span class='label end-time'>Feb 26, 2019 03:38:34 PM</span>
	<span class='label time-taken grey lighten-1 white-text'>0h 0m 23s+675ms</span>
</div>
	<div class='test-attributes'>
			<div class='category-list'>
				<span class='category label white-text'>@hotels</span>
			</div>
	</div>
	<ul class='collapsible node-list' data-collapsible='accordion'>
		
				<li class='node level-1  pass' status='pass' test-id='62'>
					<div class='collapsible-header'>
						<div class='node-name'>Scenario: To test the error message when the user clicks book a hotel and earn miles with empty fields</div>						
						<span class='node-time'>Feb 26, 2019 03:38:11 PM</span>
						<span class='node-duration'>0h 0m 23s+675ms</span>
						<span class='test-status right pass'>pass</span>
					</div>
						<ul class='collapsible node-list' data-collapsible='accordion'>
				<li class='node level-2 leaf pass' status='pass' test-id='63'>
					<div class='collapsible-header'>
						<div class='node-name'>Given The User is in Delta homepage</div>						
						<span class='node-time'>Feb 26, 2019 03:38:14 PM</span>
						<span class='node-duration'>0h 0m 6s+235ms</span>
						<span class='test-status right pass'>pass</span>
					</div>
						<div class='collapsible-body'>
								<div class='node-steps'>
									<table class='bordered table-results'>
										<thead>
											<tr>
												<th>Status</th>
												<th>Timestamp</th>
												<th>Details</th>
											</tr>
										</thead>
										<tbody>
												<tr class='log' status='pass'>
													<td class='status pass' title='pass' alt='pass'><i class='material-icons'>check_circle</i></td>
													<td class='timestamp'>3:38:20 PM</td>
													<td class='step-details'>passed</td>
												</tr>
										</tbody>
									</table>
								</div>
						</div>
				</li>
				<li class='node level-2 leaf pass' status='pass' test-id='64'>
					<div class='collapsible-header'>
						<div class='node-name'>And user navigate to search for a hotel</div>						
						<span class='node-time'>Feb 26, 2019 03:38:20 PM</span>
						<span class='node-duration'>0h 0m 11s+154ms</span>
						<span class='test-status right pass'>pass</span>
					</div>
						<div class='collapsible-body'>
								<div class='node-steps'>
									<table class='bordered table-results'>
										<thead>
											<tr>
												<th>Status</th>
												<th>Timestamp</th>
												<th>Details</th>
											</tr>
										</thead>
										<tbody>
												<tr class='log' status='pass'>
													<td class='status pass' title='pass' alt='pass'><i class='material-icons'>check_circle</i></td>
													<td class='timestamp'>3:38:20 PM</td>
													<td class='step-details'>[[ChromeDriver: chrome on XP (35333e801d107632ea3418af15050395)] -> xpath: (//a[contains(@class,'static-link-more')])[1]]element is clicked successfully</td>
												</tr>
												<tr class='log' status='pass'>
													<td class='status pass' title='pass' alt='pass'><i class='material-icons'>check_circle</i></td>
													<td class='timestamp'>3:38:31 PM</td>
													<td class='step-details'>Proxy element for: DefaultElementLocator 'By.xpath: //a[text()='Shop Hotels']'element is clicked successfully</td>
												</tr>
												<tr class='log' status='pass'>
													<td class='status pass' title='pass' alt='pass'><i class='material-icons'>check_circle</i></td>
													<td class='timestamp'>3:38:31 PM</td>
													<td class='step-details'>passed</td>
												</tr>
										</tbody>
									</table>
								</div>
						</div>
				</li>
				<li class='node level-2 leaf pass' status='pass' test-id='65'>
					<div class='collapsible-header'>
						<div class='node-name'>When user click submit button without entering informations</div>						
						<span class='node-time'>Feb 26, 2019 03:38:31 PM</span>
						<span class='node-duration'>0h 0m 0s+188ms</span>
						<span class='test-status right pass'>pass</span>
					</div>
						<div class='collapsible-body'>
								<div class='node-steps'>
									<table class='bordered table-results'>
										<thead>
											<tr>
												<th>Status</th>
												<th>Timestamp</th>
												<th>Details</th>
											</tr>
										</thead>
										<tbody>
												<tr class='log' status='pass'>
													<td class='status pass' title='pass' alt='pass'><i class='material-icons'>check_circle</i></td>
													<td class='timestamp'>3:38:31 PM</td>
													<td class='step-details'>[[ChromeDriver: chrome on XP (35333e801d107632ea3418af15050395)] -> xpath: //input[@id='btnSubmit']]element is clicked successfully</td>
												</tr>
												<tr class='log' status='pass'>
													<td class='status pass' title='pass' alt='pass'><i class='material-icons'>check_circle</i></td>
													<td class='timestamp'>3:38:31 PM</td>
													<td class='step-details'>passed</td>
												</tr>
										</tbody>
									</table>
								</div>
						</div>
				</li>
				<li class='node level-2 leaf pass' status='pass' test-id='66'>
					<div class='collapsible-header'>
						<div class='node-name'>Then user should see tbe error message</div>						
						<span class='node-time'>Feb 26, 2019 03:38:31 PM</span>
						<span class='node-duration'>0h 0m 2s+874ms</span>
						<span class='test-status right pass'>pass</span>
					</div>
						<div class='collapsible-body'>
								<div class='node-steps'>
									<table class='bordered table-results'>
										<thead>
											<tr>
												<th>Status</th>
												<th>Timestamp</th>
												<th>Details</th>
											</tr>
										</thead>
										<tbody>
												<tr class='log' status='info'>
													<td class='status info' title='info' alt='info'><i class='material-icons'>info_outline</i></td>
													<td class='timestamp'>3:38:31 PM</td>
													<td class='step-details'><table><tr><td>*WHERE ARE YOU GOING?</td><td>*CHECK-IN</td><td>*CHECK-OUT</td></tr></table></td>
												</tr>
												<tr class='log' status='pass'>
													<td class='status pass' title='pass' alt='pass'><i class='material-icons'>check_circle</i></td>
													<td class='timestamp'>3:38:32 PM</td>
													<td class='step-details'>passed</td>
												</tr>
												<tr class='log' status='pass'>
													<td class='status pass' title='pass' alt='pass'><i class='material-icons'>check_circle</i></td>
													<td class='timestamp'>3:38:34 PM</td>
													<td class='step-details'>Browser closed successfully</td>
												</tr>
										</tbody>
									</table>
								</div>
						</div>
				</li>
						</ul>
				</li>
	</ul>
					</div>
				</li>
				
				
				<li class='test displayed active has-leaf pass' status='pass' bdd='false' test-id='67'>
					<div class='test-heading'>
						<span class='test-name'>Field validation for user registration page</span>
						<span class='test-time'>Feb 26, 2019 03:38:34 PM</span>
						<span class='test-status right pass'>pass</span>
					</div>
					<div class='test-content hide'>
<div class='test-time-info'>
	<span class='label start-time'>Feb 26, 2019 03:38:34 PM</span>
	<span class='label end-time'>Feb 26, 2019 03:38:52 PM</span>
	<span class='label time-taken grey lighten-1 white-text'>0h 0m 17s+236ms</span>
</div>
	<div class='test-attributes'>
			<div class='category-list'>
				<span class='category label white-text'>@tag</span>
			</div>
	</div>
	<ul class='collapsible node-list' data-collapsible='accordion'>
		
				<li class='node level-1  pass' status='pass' test-id='68'>
					<div class='collapsible-header'>
						<div class='node-name'>Scenario: Title of your scenario</div>						
						<span class='node-time'>Feb 26, 2019 03:38:34 PM</span>
						<span class='node-duration'>0h 0m 17s+236ms</span>
						<span class='test-status right pass'>pass</span>
					</div>
						<ul class='collapsible node-list' data-collapsible='accordion'>
				<li class='node level-2 leaf pass' status='pass' test-id='69'>
					<div class='collapsible-header'>
						<div class='node-name'>Given The User is in Delta homepage</div>						
						<span class='node-time'>Feb 26, 2019 03:38:38 PM</span>
						<span class='node-duration'>0h 0m 6s+306ms</span>
						<span class='test-status right pass'>pass</span>
					</div>
						<div class='collapsible-body'>
								<div class='node-steps'>
									<table class='bordered table-results'>
										<thead>
											<tr>
												<th>Status</th>
												<th>Timestamp</th>
												<th>Details</th>
											</tr>
										</thead>
										<tbody>
												<tr class='log' status='pass'>
													<td class='status pass' title='pass' alt='pass'><i class='material-icons'>check_circle</i></td>
													<td class='timestamp'>3:38:44 PM</td>
													<td class='step-details'>passed</td>
												</tr>
										</tbody>
									</table>
								</div>
						</div>
				</li>
				<li class='node level-2 leaf pass' status='pass' test-id='70'>
					<div class='collapsible-header'>
						<div class='node-name'>And The user navigates to enrollment page</div>						
						<span class='node-time'>Feb 26, 2019 03:38:44 PM</span>
						<span class='node-duration'>0h 0m 4s+777ms</span>
						<span class='test-status right pass'>pass</span>
					</div>
						<div class='collapsible-body'>
								<div class='node-steps'>
									<table class='bordered table-results'>
										<thead>
											<tr>
												<th>Status</th>
												<th>Timestamp</th>
												<th>Details</th>
											</tr>
										</thead>
										<tbody>
												<tr class='log' status='pass'>
													<td class='status pass' title='pass' alt='pass'><i class='material-icons'>check_circle</i></td>
													<td class='timestamp'>3:38:49 PM</td>
													<td class='step-details'>[[ChromeDriver: chrome on XP (ebbaf785124cf9ca49c1a0a94043111c)] -> xpath: (//a[text()='Sign Up'])[1]]element is clicked successfully</td>
												</tr>
												<tr class='log' status='pass'>
													<td class='status pass' title='pass' alt='pass'><i class='material-icons'>check_circle</i></td>
													<td class='timestamp'>3:38:49 PM</td>
													<td class='step-details'>passed</td>
												</tr>
										</tbody>
									</table>
								</div>
						</div>
				</li>
				<li class='node level-2 leaf pass' status='pass' test-id='71'>
					<div class='collapsible-header'>
						<div class='node-name'>When The user selects the adress type dropdown</div>						
						<span class='node-time'>Feb 26, 2019 03:38:49 PM</span>
						<span class='node-duration'>0h 0m 0s+315ms</span>
						<span class='test-status right pass'>pass</span>
					</div>
						<div class='collapsible-body'>
								<div class='node-steps'>
									<table class='bordered table-results'>
										<thead>
											<tr>
												<th>Status</th>
												<th>Timestamp</th>
												<th>Details</th>
											</tr>
										</thead>
										<tbody>
												<tr class='log' status='pass'>
													<td class='status pass' title='pass' alt='pass'><i class='material-icons'>check_circle</i></td>
													<td class='timestamp'>3:38:49 PM</td>
													<td class='step-details'>[[ChromeDriver: chrome on XP (ebbaf785124cf9ca49c1a0a94043111c)] -> xpath: //span[@id='aType-1-button']/span[@class='ui-icon ui-icon-triangle-1-s']]element is clicked successfully</td>
												</tr>
												<tr class='log' status='pass'>
													<td class='status pass' title='pass' alt='pass'><i class='material-icons'>check_circle</i></td>
													<td class='timestamp'>3:38:49 PM</td>
													<td class='step-details'>passed</td>
												</tr>
										</tbody>
									</table>
								</div>
						</div>
				</li>
				<li class='node level-2 leaf pass' status='pass' test-id='72'>
					<div class='collapsible-header'>
						<div class='node-name'>Then The user should see the options</div>						
						<span class='node-time'>Feb 26, 2019 03:38:49 PM</span>
						<span class='node-duration'>0h 0m 2s+654ms</span>
						<span class='test-status right pass'>pass</span>
					</div>
						<div class='collapsible-body'>
								<div class='node-steps'>
									<table class='bordered table-results'>
										<thead>
											<tr>
												<th>Status</th>
												<th>Timestamp</th>
												<th>Details</th>
											</tr>
										</thead>
										<tbody>
												<tr class='log' status='info'>
													<td class='status info' title='info' alt='info'><i class='material-icons'>info_outline</i></td>
													<td class='timestamp'>3:38:49 PM</td>
													<td class='step-details'><table><tr><td>Home</td><td>Business</td><td>Other</td><td>Select One</td></tr></table></td>
												</tr>
												<tr class='log' status='pass'>
													<td class='status pass' title='pass' alt='pass'><i class='material-icons'>check_circle</i></td>
													<td class='timestamp'>3:38:49 PM</td>
													<td class='step-details'>passed</td>
												</tr>
												<tr class='log' status='pass'>
													<td class='status pass' title='pass' alt='pass'><i class='material-icons'>check_circle</i></td>
													<td class='timestamp'>3:38:52 PM</td>
													<td class='step-details'>Browser closed successfully</td>
												</tr>
										</tbody>
									</table>
								</div>
						</div>
				</li>
						</ul>
				</li>
	</ul>
					</div>
				</li>
				
				
				<li class='test displayed active has-leaf pass' status='pass' bdd='false' test-id='73'>
					<div class='test-heading'>
						<span class='test-name'>To verify more menu options</span>
						<span class='test-time'>Feb 26, 2019 03:38:52 PM</span>
						<span class='test-status right pass'>pass</span>
					</div>
					<div class='test-content hide'>
<div class='test-time-info'>
	<span class='label start-time'>Feb 26, 2019 03:38:52 PM</span>
	<span class='label end-time'>Feb 26, 2019 03:39:05 PM</span>
	<span class='label time-taken grey lighten-1 white-text'>0h 0m 13s+494ms</span>
</div>
	<div class='test-attributes'>
			<div class='category-list'>
				<span class='category label white-text'>@tag</span>
			</div>
	</div>
	<ul class='collapsible node-list' data-collapsible='accordion'>
		
				<li class='node level-1  pass' status='pass' test-id='74'>
					<div class='collapsible-header'>
						<div class='node-name'>Scenario: To get the list of more menus</div>						
						<span class='node-time'>Feb 26, 2019 03:38:52 PM</span>
						<span class='node-duration'>0h 0m 13s+494ms</span>
						<span class='test-status right pass'>pass</span>
					</div>
						<ul class='collapsible node-list' data-collapsible='accordion'>
				<li class='node level-2 leaf pass' status='pass' test-id='75'>
					<div class='collapsible-header'>
						<div class='node-name'>Given The User is in Delta homepage</div>						
						<span class='node-time'>Feb 26, 2019 03:38:55 PM</span>
						<span class='node-duration'>0h 0m 6s+891ms</span>
						<span class='test-status right pass'>pass</span>
					</div>
						<div class='collapsible-body'>
								<div class='node-steps'>
									<table class='bordered table-results'>
										<thead>
											<tr>
												<th>Status</th>
												<th>Timestamp</th>
												<th>Details</th>
											</tr>
										</thead>
										<tbody>
												<tr class='log' status='pass'>
													<td class='status pass' title='pass' alt='pass'><i class='material-icons'>check_circle</i></td>
													<td class='timestamp'>3:39:02 PM</td>
													<td class='step-details'>passed</td>
												</tr>
										</tbody>
									</table>
								</div>
						</div>
				</li>
				<li class='node level-2 leaf pass' status='pass' test-id='76'>
					<div class='collapsible-header'>
						<div class='node-name'>When The user clicks more menu option</div>						
						<span class='node-time'>Feb 26, 2019 03:39:02 PM</span>
						<span class='node-duration'>0h 0m 0s+301ms</span>
						<span class='test-status right pass'>pass</span>
					</div>
						<div class='collapsible-body'>
								<div class='node-steps'>
									<table class='bordered table-results'>
										<thead>
											<tr>
												<th>Status</th>
												<th>Timestamp</th>
												<th>Details</th>
											</tr>
										</thead>
										<tbody>
												<tr class='log' status='pass'>
													<td class='status pass' title='pass' alt='pass'><i class='material-icons'>check_circle</i></td>
													<td class='timestamp'>3:39:02 PM</td>
													<td class='step-details'>[[ChromeDriver: chrome on XP (388ea2bd60ce6fb2fea1ca47b29c7ab0)] -> xpath: (//a[text()='More '])[1]]element is clicked successfully</td>
												</tr>
												<tr class='log' status='pass'>
													<td class='status pass' title='pass' alt='pass'><i class='material-icons'>check_circle</i></td>
													<td class='timestamp'>3:39:02 PM</td>
													<td class='step-details'>passed</td>
												</tr>
										</tbody>
									</table>
								</div>
						</div>
				</li>
				<li class='node level-2 leaf pass' status='pass' test-id='77'>
					<div class='collapsible-header'>
						<div class='node-name'>Then The user should see the list of menu items</div>						
						<span class='node-time'>Feb 26, 2019 03:39:02 PM</span>
						<span class='node-duration'>0h 0m 3s+80ms</span>
						<span class='test-status right pass'>pass</span>
					</div>
						<div class='collapsible-body'>
								<div class='node-steps'>
									<table class='bordered table-results'>
										<thead>
											<tr>
												<th>Status</th>
												<th>Timestamp</th>
												<th>Details</th>
											</tr>
										</thead>
										<tbody>
												<tr class='log' status='info'>
													<td class='status info' title='info' alt='info'><i class='material-icons'>info_outline</i></td>
													<td class='timestamp'>3:39:02 PM</td>
													<td class='step-details'><table><tr><td>Shop Vacations</td><td>Shop Hotels</td><td>Rent a Car</td><td>Flight Deals</td><td>Destinations</td></tr></table></td>
												</tr>
												<tr class='log' status='pass'>
													<td class='status pass' title='pass' alt='pass'><i class='material-icons'>check_circle</i></td>
													<td class='timestamp'>3:39:02 PM</td>
													<td class='step-details'>passed</td>
												</tr>
												<tr class='log' status='pass'>
													<td class='status pass' title='pass' alt='pass'><i class='material-icons'>check_circle</i></td>
													<td class='timestamp'>3:39:05 PM</td>
													<td class='step-details'>Browser closed successfully</td>
												</tr>
										</tbody>
									</table>
								</div>
						</div>
				</li>
						</ul>
				</li>
	</ul>
					</div>
				</li>
			</ul>
		</div>
	</div>
	<!-- subview left -->

	<div class='subview-right left'>
		<div class='view-summary'>
			<h5 class='test-name'></h5>

			<div id='step-filters' class="right">
				<span class="blue-text" status="info" alt="info" title="info"><i class="material-icons">info_outline</i></span>
				<span class="green-text" status="pass" alt="pass" title="pass"><i class="material-icons">check_circle</i></span>
				<span class="red-text" status="fail" alt="fail" title="fail"><i class="material-icons">cancel</i></span>
				<span class="red-text text-darken-4" status="fatal" alt="fatal" title="fatal"><i class="material-icons">cancel</i></span>
				<span class="pink-text text-lighten-1" status="error" alt="error" title="error"><i class="material-icons">error</i></span>
				<span class="orange-text" alt="warning" status="warning" title="warning"><i class="material-icons">warning</i></span>
				<span class="teal-text" status="skip" alt="skip" title="skip"><i class="material-icons">redo</i></span>
				<span status="clear" alt="Clear filters" title="Clear filters"><i class="material-icons">clear</i></span>
			</div>
		</div>
	</div>
	<!-- subview right -->

</div>
<!-- test view -->
<div id='category-view' class='view hide'>

	<section id='controls'>
		<div class='controls grey lighten-4'>
			<!-- search -->
			<div class='chip transparent' alt='Search Tests' title='Search Tests'>
				<a href="#" class='search-div'>
					<i class='material-icons'>search</i> Search
				</a>
				
				<div class='input-field left hide'>
					<input id='search-tests' type='text' class='validate browser-default' placeholder='Search Tests...'>
				</div>
				
			</div>
			<!-- search -->
		</div>
	</section>

	<div class='subview-left left'>
		
		<div class='view-summary'>
			<h5>Categories</h3>
			<ul id='category-collection' class='category-collection'>
				
				<li class='category displayed active'>
					<div class='category-heading'>
						<span class='category-name'>@tag</span>
						<span class='category-status right'>
							<span class='label pass'>4</span>
							<span class='label fail'>4</span>
						</span>
					</div>
					<div class='category-content hide'>
						<div class='category-status-counts'>
							<span class='label green accent-4 white-text'>Passed: 4</span>
							<span class='label red lighten-1 white-text'>Failed: 4</span>
							
						</div>
					
						<div class='category-tests'>
							<table class='bordered table-results'>
								<thead>
									<tr>
										<th>Timestamp</th>
										<th>TestName</th>
										<th>Status</th>
									</tr>
								</thead>
								<tbody>
									<tr>
										<td>Feb 26, 2019 03:31:56 PM</td>
										<td class='linked' test-id='1'>To verify the list of aircrafts under aircraft module</td>
										<td><span class='test-status pass'>pass</span></td>
									</tr>
									<tr>
										<td>Feb 26, 2019 03:34:08 PM</td>
										<td class='linked' test-id='22'>To verify flight details in search results</td>
										<td><span class='test-status fail'>fail</span></td>
									</tr>
									<tr>
										<td>Feb 26, 2019 03:35:31 PM</td>
										<td class='linked' test-id='29'>Verify round trip functionality</td>
										<td><span class='test-status fail'>fail</span></td>
									</tr>
									<tr>
										<td>Feb 26, 2019 03:36:44 PM</td>
										<td class='linked' test-id='35'>To list the available flights</td>
										<td><span class='test-status fail'>fail</span></td>
									</tr>
									<tr>
										<td>Feb 26, 2019 03:36:44 PM</td>
										<td class='linked' test-id='37'>To list the available flights.Scenario Outline: To validate flight list.Scenario: To validate flight list</td>
										<td><span class='test-status fail'>fail</span></td>
									</tr>
									<tr>
										<td>Feb 26, 2019 03:37:47 PM</td>
										<td class='linked' test-id='55'>To test rent a car functionality</td>
										<td><span class='test-status pass'>pass</span></td>
									</tr>
									<tr>
										<td>Feb 26, 2019 03:38:34 PM</td>
										<td class='linked' test-id='67'>Field validation for user registration page</td>
										<td><span class='test-status pass'>pass</span></td>
									</tr>
									<tr>
										<td>Feb 26, 2019 03:38:52 PM</td>
										<td class='linked' test-id='73'>To verify more menu options</td>
										<td><span class='test-status pass'>pass</span></td>
									</tr>
								</tbody>
							</table>
						</div>
					</div>
				</li>
				<li class='category displayed active'>
					<div class='category-heading'>
						<span class='category-name'>@tag1</span>
						<span class='category-status right'>
							<span class='label pass'>4</span>
							<span class='label fail'>2</span>
						</span>
					</div>
					<div class='category-content hide'>
						<div class='category-status-counts'>
							<span class='label green accent-4 white-text'>Passed: 4</span>
							<span class='label red lighten-1 white-text'>Failed: 2</span>
							
						</div>
					
						<div class='category-tests'>
							<table class='bordered table-results'>
								<thead>
									<tr>
										<th>Timestamp</th>
										<th>TestName</th>
										<th>Status</th>
									</tr>
								</thead>
								<tbody>
									<tr>
										<td>Feb 26, 2019 03:31:56 PM</td>
										<td class='linked' test-id='2'>To verify the list of aircrafts under aircraft module.Scenario: To verify the list of boeing aircrafts</td>
										<td><span class='test-status pass'>pass</span></td>
									</tr>
									<tr>
										<td>Feb 26, 2019 03:34:08 PM</td>
										<td class='linked' test-id='23'>To verify flight details in search results.Scenario: To verify flight details in one way search results</td>
										<td><span class='test-status fail'>fail</span></td>
									</tr>
									<tr>
										<td>Feb 26, 2019 03:36:44 PM</td>
										<td class='linked' test-id='37'>To list the available flights.Scenario Outline: To validate flight list.Scenario: To validate flight list</td>
										<td><span class='test-status fail'>fail</span></td>
									</tr>
									<tr>
										<td>Feb 26, 2019 03:37:47 PM</td>
										<td class='linked' test-id='56'>To test rent a car functionality.Scenario: To test the error message when the user clicks book a car with empty fields</td>
										<td><span class='test-status pass'>pass</span></td>
									</tr>
									<tr>
										<td>Feb 26, 2019 03:38:34 PM</td>
										<td class='linked' test-id='68'>Field validation for user registration page.Scenario: Title of your scenario</td>
										<td><span class='test-status pass'>pass</span></td>
									</tr>
									<tr>
										<td>Feb 26, 2019 03:38:52 PM</td>
										<td class='linked' test-id='74'>To verify more menu options.Scenario: To get the list of more menus</td>
										<td><span class='test-status pass'>pass</span></td>
									</tr>
								</tbody>
							</table>
						</div>
					</div>
				</li>
				<li class='category displayed active'>
					<div class='category-heading'>
						<span class='category-name'>@smoke</span>
						<span class='category-status right'>
							<span class='label pass'>2</span>
						</span>
					</div>
					<div class='category-content hide'>
						<div class='category-status-counts'>
							<span class='label green accent-4 white-text'>Passed: 2</span>
							
							
						</div>
					
						<div class='category-tests'>
							<table class='bordered table-results'>
								<thead>
									<tr>
										<th>Timestamp</th>
										<th>TestName</th>
										<th>Status</th>
									</tr>
								</thead>
								<tbody>
									<tr>
										<td>Feb 26, 2019 03:32:27 PM</td>
										<td class='linked' test-id='7'>Shoping a Hotel</td>
										<td><span class='test-status pass'>pass</span></td>
									</tr>
									<tr>
										<td>Feb 26, 2019 03:32:27 PM</td>
										<td class='linked' test-id='9'>Shoping a Hotel.Scenario Outline: The user Shoping a Hotel.Scenario: The user Shoping a Hotel</td>
										<td><span class='test-status pass'>pass</span></td>
									</tr>
								</tbody>
							</table>
						</div>
					</div>
				</li>
				<li class='category displayed active'>
					<div class='category-heading'>
						<span class='category-name'>@USHotel12</span>
						<span class='category-status right'>
							<span class='label pass'>1</span>
						</span>
					</div>
					<div class='category-content hide'>
						<div class='category-status-counts'>
							<span class='label green accent-4 white-text'>Passed: 1</span>
							
							
						</div>
					
						<div class='category-tests'>
							<table class='bordered table-results'>
								<thead>
									<tr>
										<th>Timestamp</th>
										<th>TestName</th>
										<th>Status</th>
									</tr>
								</thead>
								<tbody>
									<tr>
										<td>Feb 26, 2019 03:32:27 PM</td>
										<td class='linked' test-id='9'>Shoping a Hotel.Scenario Outline: The user Shoping a Hotel.Scenario: The user Shoping a Hotel</td>
										<td><span class='test-status pass'>pass</span></td>
									</tr>
								</tbody>
							</table>
						</div>
					</div>
				</li>
				<li class='category displayed active'>
					<div class='category-heading'>
						<span class='category-name'>@US0004</span>
						<span class='category-status right'>
							<span class='label fail'>1</span>
						</span>
					</div>
					<div class='category-content hide'>
						<div class='category-status-counts'>
							
							<span class='label red lighten-1 white-text'>Failed: 1</span>
							
						</div>
					
						<div class='category-tests'>
							<table class='bordered table-results'>
								<thead>
									<tr>
										<th>Timestamp</th>
										<th>TestName</th>
										<th>Status</th>
									</tr>
								</thead>
								<tbody>
									<tr>
										<td>Feb 26, 2019 03:32:53 PM</td>
										<td class='linked' test-id='14'>Book A flight oneway</td>
										<td><span class='test-status fail'>fail</span></td>
									</tr>
								</tbody>
							</table>
						</div>
					</div>
				</li>
				<li class='category displayed active'>
					<div class='category-heading'>
						<span class='category-name'>@Regression</span>
						<span class='category-status right'>
							<span class='label fail'>1</span>
						</span>
					</div>
					<div class='category-content hide'>
						<div class='category-status-counts'>
							
							<span class='label red lighten-1 white-text'>Failed: 1</span>
							
						</div>
					
						<div class='category-tests'>
							<table class='bordered table-results'>
								<thead>
									<tr>
										<th>Timestamp</th>
										<th>TestName</th>
										<th>Status</th>
									</tr>
								</thead>
								<tbody>
									<tr>
										<td>Feb 26, 2019 03:32:53 PM</td>
										<td class='linked' test-id='14'>Book A flight oneway</td>
										<td><span class='test-status fail'>fail</span></td>
									</tr>
								</tbody>
							</table>
						</div>
					</div>
				</li>
				<li class='category displayed active'>
					<div class='category-heading'>
						<span class='category-name'>@Sprint1</span>
						<span class='category-status right'>
							<span class='label fail'>1</span>
						</span>
					</div>
					<div class='category-content hide'>
						<div class='category-status-counts'>
							
							<span class='label red lighten-1 white-text'>Failed: 1</span>
							
						</div>
					
						<div class='category-tests'>
							<table class='bordered table-results'>
								<thead>
									<tr>
										<th>Timestamp</th>
										<th>TestName</th>
										<th>Status</th>
									</tr>
								</thead>
								<tbody>
									<tr>
										<td>Feb 26, 2019 03:32:53 PM</td>
										<td class='linked' test-id='14'>Book A flight oneway</td>
										<td><span class='test-status fail'>fail</span></td>
									</tr>
								</tbody>
							</table>
						</div>
					</div>
				</li>
				<li class='category displayed active'>
					<div class='category-heading'>
						<span class='category-name'>@Smoke</span>
						<span class='category-status right'>
							<span class='label fail'>1</span>
						</span>
					</div>
					<div class='category-content hide'>
						<div class='category-status-counts'>
							
							<span class='label red lighten-1 white-text'>Failed: 1</span>
							
						</div>
					
						<div class='category-tests'>
							<table class='bordered table-results'>
								<thead>
									<tr>
										<th>Timestamp</th>
										<th>TestName</th>
										<th>Status</th>
									</tr>
								</thead>
								<tbody>
									<tr>
										<td>Feb 26, 2019 03:32:53 PM</td>
										<td class='linked' test-id='14'>Book A flight oneway</td>
										<td><span class='test-status fail'>fail</span></td>
									</tr>
								</tbody>
							</table>
						</div>
					</div>
				</li>
				<li class='category displayed active'>
					<div class='category-heading'>
						<span class='category-name'>@bookaflight</span>
						<span class='category-status right'>
							<span class='label fail'>1</span>
						</span>
					</div>
					<div class='category-content hide'>
						<div class='category-status-counts'>
							
							<span class='label red lighten-1 white-text'>Failed: 1</span>
							
						</div>
					
						<div class='category-tests'>
							<table class='bordered table-results'>
								<thead>
									<tr>
										<th>Timestamp</th>
										<th>TestName</th>
										<th>Status</th>
									</tr>
								</thead>
								<tbody>
									<tr>
										<td>Feb 26, 2019 03:32:53 PM</td>
										<td class='linked' test-id='14'>Book A flight oneway</td>
										<td><span class='test-status fail'>fail</span></td>
									</tr>
								</tbody>
							</table>
						</div>
					</div>
				</li>
				<li class='category displayed active'>
					<div class='category-heading'>
						<span class='category-name'>@hotels</span>
						<span class='category-status right'>
							<span class='label pass'>1</span>
						</span>
					</div>
					<div class='category-content hide'>
						<div class='category-status-counts'>
							<span class='label green accent-4 white-text'>Passed: 1</span>
							
							
						</div>
					
						<div class='category-tests'>
							<table class='bordered table-results'>
								<thead>
									<tr>
										<th>Timestamp</th>
										<th>TestName</th>
										<th>Status</th>
									</tr>
								</thead>
								<tbody>
									<tr>
										<td>Feb 26, 2019 03:38:11 PM</td>
										<td class='linked' test-id='61'>To test search a hotel functionality</td>
										<td><span class='test-status pass'>pass</span></td>
									</tr>
								</tbody>
							</table>
						</div>
					</div>
				</li>
				<li class='category displayed active'>
					<div class='category-heading'>
						<span class='category-name'>@error</span>
						<span class='category-status right'>
							<span class='label pass'>1</span>
						</span>
					</div>
					<div class='category-content hide'>
						<div class='category-status-counts'>
							<span class='label green accent-4 white-text'>Passed: 1</span>
							
							
						</div>
					
						<div class='category-tests'>
							<table class='bordered table-results'>
								<thead>
									<tr>
										<th>Timestamp</th>
										<th>TestName</th>
										<th>Status</th>
									</tr>
								</thead>
								<tbody>
									<tr>
										<td>Feb 26, 2019 03:38:11 PM</td>
										<td class='linked' test-id='62'>To test search a hotel functionality.Scenario: To test the error message when the user clicks book a hotel and earn miles with empty fields</td>
										<td><span class='test-status pass'>pass</span></td>
									</tr>
								</tbody>
							</table>
						</div>
					</div>
				</li>

			</ul>
		</div>
	</div>

	<div class='subview-right left'>
		<div class='view-summary'>
			<h5 class='category-name'></h5>
		</div>
	</div>
</div>
<!-- category view -->
<div id='exception-view' class='view hide'>

    <section id='controls'>
        <div class='controls grey lighten-4'>
            <!-- search -->
            <div class='chip transparent' alt='Search Tests' title='Search Tests'>
                <a href="#" class='search-div'>
                    <i class='material-icons'>search</i> Search
                </a>

                <div class='input-field left hide'>
                    <input id='search-tests' type='text' class='validate browser-default' placeholder='Search Tests...'>
                </div>

            </div>
            <!-- search -->
        </div>
    </section>

    <div class='subview-left left'>

        <div class='view-summary'>
            <h5>Exceptions</h3>
                <ul id='exception-collection' class='exception-collection'>

                        <li class='exception displayed active'>
                            <div class='exception-heading'>
                                <span class='exception-name'>org.openqa.selenium.TimeoutException</span>
                                <span class='exception-count right'><span class='label red lighten-1 white-text'>3</span></span>
                            </div>
                            <div class='exception-content hide'>
                                <div class='exception-tests'>
                                    <table class='bordered table-results'>
                                        <thead>
                                        <tr>
                                            <th>Timestamp</th>
                                            <th>TestName</th>
                                            <th>Status</th>
                                        </tr>
                                        </thead>
                                        <tbody>
                                                    <tr>
                                                        <td>Feb 26, 2019 03:33:04 PM</td>
                                                        <td class='linked' test-id='17'>Book A flight oneway.Scenario: Booking flight in OneWay trip.When The user enters source and destination</td>
                                                        <td><pre><pre>org.openqa.selenium.TimeoutException: Expected condition failed: waiting for presence of element located by: By.id: test (tried for 60 second(s) with 500 MILLISECONDS interval)
	at org.openqa.selenium.support.ui.WebDriverWait.timeoutException(WebDriverWait.java:82)
	at org.openqa.selenium.support.ui.FluentWait.until(FluentWait.java:231)
	at com.resources.FunctionalLibrary.waitForElementVisibility(FunctionalLibrary.java:356)
	at com.stepdefinition.HomePageSteps.the_user_enters_source_and_destination(HomePageSteps.java:31)
	at ?.When The user enters source and destination(BookAflight/OneWay.feature:8)
Caused by: org.openqa.selenium.NoSuchElementException: Cannot locate an element using By.id: test
For documentation on this error, please visit: http://seleniumhq.org/exceptions/no_such_element.html
Build info: version: '3.8.1', revision: '6e95a6684b', time: '2017-12-01T19:05:32.194Z'
System info: host: 'GREENS-11-PC', ip: '192.168.1.86', os.name: 'Windows 7', os.arch: 'amd64', os.version: '6.1', java.version: '1.8.0_144'
Driver info: driver.version: unknown
	at org.openqa.selenium.support.ui.ExpectedConditions.lambda$findElement$0(ExpectedConditions.java:882)
	at java.util.Optional.orElseThrow(Optional.java:290)
	at org.openqa.selenium.support.ui.ExpectedConditions.findElement(ExpectedConditions.java:881)
	at org.openqa.selenium.support.ui.ExpectedConditions.access$000(ExpectedConditions.java:43)
	at org.openqa.selenium.support.ui.ExpectedConditions$6.apply(ExpectedConditions.java:182)
	at org.openqa.selenium.support.ui.ExpectedConditions$6.apply(ExpectedConditions.java:179)
	at org.openqa.selenium.support.ui.FluentWait.until(FluentWait.java:208)
	at com.resources.FunctionalLibrary.waitForElementVisibility(FunctionalLibrary.java:356)
	at com.stepdefinition.HomePageSteps.the_user_enters_source_and_destination(HomePageSteps.java:31)
	at sun.reflect.NativeMethodAccessorImpl.invoke0(Native Method)
	at sun.reflect.NativeMethodAccessorImpl.invoke(NativeMethodAccessorImpl.java:62)
	at sun.reflect.DelegatingMethodAccessorImpl.invoke(DelegatingMethodAccessorImpl.java:43)
	at java.lang.reflect.Method.invoke(Method.java:498)
	at cucumber.runtime.Utils$1.call(Utils.java:40)
	at cucumber.runtime.Timeout.timeout(Timeout.java:16)
	at cucumber.runtime.Utils.invoke(Utils.java:34)
	at cucumber.runtime.java.JavaStepDefinition.execute(JavaStepDefinition.java:38)
	at cucumber.runtime.StepDefinitionMatch.runStep(StepDefinitionMatch.java:37)
	at cucumber.runtime.Runtime.runStep(Runtime.java:300)
	at cucumber.runtime.model.StepContainer.runStep(StepContainer.java:44)
	at cucumber.runtime.model.StepContainer.runSteps(StepContainer.java:39)
	at cucumber.runtime.model.CucumberScenario.run(CucumberScenario.java:44)
	at cucumber.runtime.junit.ExecutionUnitRunner.run(ExecutionUnitRunner.java:102)
	at cucumber.runtime.junit.FeatureRunner.runChild(FeatureRunner.java:63)
	at cucumber.runtime.junit.FeatureRunner.runChild(FeatureRunner.java:18)
	at org.junit.runners.ParentRunner$3.run(ParentRunner.java:290)
	at org.junit.runners.ParentRunner$1.schedule(ParentRunner.java:71)
	at org.junit.runners.ParentRunner.runChildren(ParentRunner.java:288)
	at org.junit.runners.ParentRunner.access$000(ParentRunner.java:58)
	at org.junit.runners.ParentRunner$2.evaluate(ParentRunner.java:268)
	at org.junit.runners.ParentRunner.run(ParentRunner.java:363)
	at cucumber.runtime.junit.FeatureRunner.run(FeatureRunner.java:70)
	at cucumber.api.junit.Cucumber.runChild(Cucumber.java:95)
	at cucumber.api.junit.Cucumber.runChild(Cucumber.java:38)
	at org.junit.runners.ParentRunner$3.run(ParentRunner.java:290)
	at org.junit.runners.ParentRunner$1.schedule(ParentRunner.java:71)
	at org.junit.runners.ParentRunner.runChildren(ParentRunner.java:288)
	at org.junit.runners.ParentRunner.access$000(ParentRunner.java:58)
	at org.junit.runners.ParentRunner$2.evaluate(ParentRunner.java:268)
	at org.junit.internal.runners.statements.RunBefores.evaluate(RunBefores.java:26)
	at org.junit.runners.ParentRunner.run(ParentRunner.java:363)
	at cucumber.api.junit.Cucumber.run(Cucumber.java:100)
	at org.eclipse.jdt.internal.junit4.runner.JUnit4TestReference.run(JUnit4TestReference.java:86)
	at org.eclipse.jdt.internal.junit.runner.TestExecution.run(TestExecution.java:38)
	at org.eclipse.jdt.internal.junit.runner.RemoteTestRunner.runTests(RemoteTestRunner.java:538)
	at org.eclipse.jdt.internal.junit.runner.RemoteTestRunner.runTests(RemoteTestRunner.java:760)
	at org.eclipse.jdt.internal.junit.runner.RemoteTestRunner.run(RemoteTestRunner.java:460)
	at org.eclipse.jdt.internal.junit.runner.RemoteTestRunner.main(RemoteTestRunner.java:206)
</pre></pre></td>
                                                    </tr>
                                                    <tr>
                                                        <td>Feb 26, 2019 03:34:28 PM</td>
                                                        <td class='linked' test-id='26'>To verify flight details in search results.Scenario: To verify flight details in one way search results.When The user fill in the details</td>
                                                        <td><pre><pre>org.openqa.selenium.TimeoutException: Expected condition failed: waiting for presence of element located by: By.id: test (tried for 60 second(s) with 500 MILLISECONDS interval)
	at org.openqa.selenium.support.ui.WebDriverWait.timeoutException(WebDriverWait.java:82)
	at org.openqa.selenium.support.ui.FluentWait.until(FluentWait.java:231)
	at com.resources.FunctionalLibrary.waitForElementVisibility(FunctionalLibrary.java:356)
	at com.stepdefinition.HomePageSteps.the_user_fill_in_the_details(HomePageSteps.java:165)
	at ?.When The user fill in the details(BookAflight/OneWaySearchResults.feature:9)
Caused by: org.openqa.selenium.NoSuchElementException: Cannot locate an element using By.id: test
For documentation on this error, please visit: http://seleniumhq.org/exceptions/no_such_element.html
Build info: version: '3.8.1', revision: '6e95a6684b', time: '2017-12-01T19:05:32.194Z'
System info: host: 'GREENS-11-PC', ip: '192.168.1.86', os.name: 'Windows 7', os.arch: 'amd64', os.version: '6.1', java.version: '1.8.0_144'
Driver info: driver.version: unknown
	at org.openqa.selenium.support.ui.ExpectedConditions.lambda$findElement$0(ExpectedConditions.java:882)
	at java.util.Optional.orElseThrow(Optional.java:290)
	at org.openqa.selenium.support.ui.ExpectedConditions.findElement(ExpectedConditions.java:881)
	at org.openqa.selenium.support.ui.ExpectedConditions.access$000(ExpectedConditions.java:43)
	at org.openqa.selenium.support.ui.ExpectedConditions$6.apply(ExpectedConditions.java:182)
	at org.openqa.selenium.support.ui.ExpectedConditions$6.apply(ExpectedConditions.java:179)
	at org.openqa.selenium.support.ui.FluentWait.until(FluentWait.java:208)
	at com.resources.FunctionalLibrary.waitForElementVisibility(FunctionalLibrary.java:356)
	at com.stepdefinition.HomePageSteps.the_user_fill_in_the_details(HomePageSteps.java:165)
	at sun.reflect.NativeMethodAccessorImpl.invoke0(Native Method)
	at sun.reflect.NativeMethodAccessorImpl.invoke(NativeMethodAccessorImpl.java:62)
	at sun.reflect.DelegatingMethodAccessorImpl.invoke(DelegatingMethodAccessorImpl.java:43)
	at java.lang.reflect.Method.invoke(Method.java:498)
	at cucumber.runtime.Utils$1.call(Utils.java:40)
	at cucumber.runtime.Timeout.timeout(Timeout.java:16)
	at cucumber.runtime.Utils.invoke(Utils.java:34)
	at cucumber.runtime.java.JavaStepDefinition.execute(JavaStepDefinition.java:38)
	at cucumber.runtime.StepDefinitionMatch.runStep(StepDefinitionMatch.java:37)
	at cucumber.runtime.Runtime.runStep(Runtime.java:300)
	at cucumber.runtime.model.StepContainer.runStep(StepContainer.java:44)
	at cucumber.runtime.model.StepContainer.runSteps(StepContainer.java:39)
	at cucumber.runtime.model.CucumberScenario.run(CucumberScenario.java:44)
	at cucumber.runtime.junit.ExecutionUnitRunner.run(ExecutionUnitRunner.java:102)
	at cucumber.runtime.junit.FeatureRunner.runChild(FeatureRunner.java:63)
	at cucumber.runtime.junit.FeatureRunner.runChild(FeatureRunner.java:18)
	at org.junit.runners.ParentRunner$3.run(ParentRunner.java:290)
	at org.junit.runners.ParentRunner$1.schedule(ParentRunner.java:71)
	at org.junit.runners.ParentRunner.runChildren(ParentRunner.java:288)
	at org.junit.runners.ParentRunner.access$000(ParentRunner.java:58)
	at org.junit.runners.ParentRunner$2.evaluate(ParentRunner.java:268)
	at org.junit.runners.ParentRunner.run(ParentRunner.java:363)
	at cucumber.runtime.junit.FeatureRunner.run(FeatureRunner.java:70)
	at cucumber.api.junit.Cucumber.runChild(Cucumber.java:95)
	at cucumber.api.junit.Cucumber.runChild(Cucumber.java:38)
	at org.junit.runners.ParentRunner$3.run(ParentRunner.java:290)
	at org.junit.runners.ParentRunner$1.schedule(ParentRunner.java:71)
	at org.junit.runners.ParentRunner.runChildren(ParentRunner.java:288)
	at org.junit.runners.ParentRunner.access$000(ParentRunner.java:58)
	at org.junit.runners.ParentRunner$2.evaluate(ParentRunner.java:268)
	at org.junit.internal.runners.statements.RunBefores.evaluate(RunBefores.java:26)
	at org.junit.runners.ParentRunner.run(ParentRunner.java:363)
	at cucumber.api.junit.Cucumber.run(Cucumber.java:100)
	at org.eclipse.jdt.internal.junit4.runner.JUnit4TestReference.run(JUnit4TestReference.java:86)
	at org.eclipse.jdt.internal.junit.runner.TestExecution.run(TestExecution.java:38)
	at org.eclipse.jdt.internal.junit.runner.RemoteTestRunner.runTests(RemoteTestRunner.java:538)
	at org.eclipse.jdt.internal.junit.runner.RemoteTestRunner.runTests(RemoteTestRunner.java:760)
	at org.eclipse.jdt.internal.junit.runner.RemoteTestRunner.run(RemoteTestRunner.java:460)
	at org.eclipse.jdt.internal.junit.runner.RemoteTestRunner.main(RemoteTestRunner.java:206)
</pre></pre></td>
                                                    </tr>
                                                    <tr>
                                                        <td>Feb 26, 2019 03:35:40 PM</td>
                                                        <td class='linked' test-id='32'>Verify round trip functionality.Scenario:.When The user selects source and destination</td>
                                                        <td><pre><pre>org.openqa.selenium.TimeoutException: Expected condition failed: waiting for presence of element located by: By.id: test (tried for 60 second(s) with 500 MILLISECONDS interval)
	at org.openqa.selenium.support.ui.WebDriverWait.timeoutException(WebDriverWait.java:82)
	at org.openqa.selenium.support.ui.FluentWait.until(FluentWait.java:231)
	at com.resources.FunctionalLibrary.waitForElementVisibility(FunctionalLibrary.java:356)
	at com.stepdefinition.HomePageSteps.the_user_selects_source_and_destination(HomePageSteps.java:80)
	at ?.When The user selects source and destination(BookAflight/RoundTrip.feature:7)
Caused by: org.openqa.selenium.NoSuchElementException: Cannot locate an element using By.id: test
For documentation on this error, please visit: http://seleniumhq.org/exceptions/no_such_element.html
Build info: version: '3.8.1', revision: '6e95a6684b', time: '2017-12-01T19:05:32.194Z'
System info: host: 'GREENS-11-PC', ip: '192.168.1.86', os.name: 'Windows 7', os.arch: 'amd64', os.version: '6.1', java.version: '1.8.0_144'
Driver info: driver.version: unknown
	at org.openqa.selenium.support.ui.ExpectedConditions.lambda$findElement$0(ExpectedConditions.java:882)
	at java.util.Optional.orElseThrow(Optional.java:290)
	at org.openqa.selenium.support.ui.ExpectedConditions.findElement(ExpectedConditions.java:881)
	at org.openqa.selenium.support.ui.ExpectedConditions.access$000(ExpectedConditions.java:43)
	at org.openqa.selenium.support.ui.ExpectedConditions$6.apply(ExpectedConditions.java:182)
	at org.openqa.selenium.support.ui.ExpectedConditions$6.apply(ExpectedConditions.java:179)
	at org.openqa.selenium.support.ui.FluentWait.until(FluentWait.java:208)
	at com.resources.FunctionalLibrary.waitForElementVisibility(FunctionalLibrary.java:356)
	at com.stepdefinition.HomePageSteps.the_user_selects_source_and_destination(HomePageSteps.java:80)
	at sun.reflect.NativeMethodAccessorImpl.invoke0(Native Method)
	at sun.reflect.NativeMethodAccessorImpl.invoke(NativeMethodAccessorImpl.java:62)
	at sun.reflect.DelegatingMethodAccessorImpl.invoke(DelegatingMethodAccessorImpl.java:43)
	at java.lang.reflect.Method.invoke(Method.java:498)
	at cucumber.runtime.Utils$1.call(Utils.java:40)
	at cucumber.runtime.Timeout.timeout(Timeout.java:16)
	at cucumber.runtime.Utils.invoke(Utils.java:34)
	at cucumber.runtime.java.JavaStepDefinition.execute(JavaStepDefinition.java:38)
	at cucumber.runtime.StepDefinitionMatch.runStep(StepDefinitionMatch.java:37)
	at cucumber.runtime.Runtime.runStep(Runtime.java:300)
	at cucumber.runtime.model.StepContainer.runStep(StepContainer.java:44)
	at cucumber.runtime.model.StepContainer.runSteps(StepContainer.java:39)
	at cucumber.runtime.model.CucumberScenario.run(CucumberScenario.java:44)
	at cucumber.runtime.junit.ExecutionUnitRunner.run(ExecutionUnitRunner.java:102)
	at cucumber.runtime.junit.FeatureRunner.runChild(FeatureRunner.java:63)
	at cucumber.runtime.junit.FeatureRunner.runChild(FeatureRunner.java:18)
	at org.junit.runners.ParentRunner$3.run(ParentRunner.java:290)
	at org.junit.runners.ParentRunner$1.schedule(ParentRunner.java:71)
	at org.junit.runners.ParentRunner.runChildren(ParentRunner.java:288)
	at org.junit.runners.ParentRunner.access$000(ParentRunner.java:58)
	at org.junit.runners.ParentRunner$2.evaluate(ParentRunner.java:268)
	at org.junit.runners.ParentRunner.run(ParentRunner.java:363)
	at cucumber.runtime.junit.FeatureRunner.run(FeatureRunner.java:70)
	at cucumber.api.junit.Cucumber.runChild(Cucumber.java:95)
	at cucumber.api.junit.Cucumber.runChild(Cucumber.java:38)
	at org.junit.runners.ParentRunner$3.run(ParentRunner.java:290)
	at org.junit.runners.ParentRunner$1.schedule(ParentRunner.java:71)
	at org.junit.runners.ParentRunner.runChildren(ParentRunner.java:288)
	at org.junit.runners.ParentRunner.access$000(ParentRunner.java:58)
	at org.junit.runners.ParentRunner$2.evaluate(ParentRunner.java:268)
	at org.junit.internal.runners.statements.RunBefores.evaluate(RunBefores.java:26)
	at org.junit.runners.ParentRunner.run(ParentRunner.java:363)
	at cucumber.api.junit.Cucumber.run(Cucumber.java:100)
	at org.eclipse.jdt.internal.junit4.runner.JUnit4TestReference.run(JUnit4TestReference.java:86)
	at org.eclipse.jdt.internal.junit.runner.TestExecution.run(TestExecution.java:38)
	at org.eclipse.jdt.internal.junit.runner.RemoteTestRunner.runTests(RemoteTestRunner.java:538)
	at org.eclipse.jdt.internal.junit.runner.RemoteTestRunner.runTests(RemoteTestRunner.java:760)
	at org.eclipse.jdt.internal.junit.runner.RemoteTestRunner.run(RemoteTestRunner.java:460)
	at org.eclipse.jdt.internal.junit.runner.RemoteTestRunner.main(RemoteTestRunner.java:206)
</pre></pre></td>
                                                    </tr>
                                        </tbody>
                                    </table>
                                </div>
                            </div>
                        </li>
                        <li class='exception displayed active'>
                            <div class='exception-heading'>
                                <span class='exception-name'>org.openqa.selenium.NoSuchElementException</span>
                                <span class='exception-count right'><span class='label red lighten-1 white-text'>3</span></span>
                            </div>
                            <div class='exception-content hide'>
                                <div class='exception-tests'>
                                    <table class='bordered table-results'>
                                        <thead>
                                        <tr>
                                            <th>Timestamp</th>
                                            <th>TestName</th>
                                            <th>Status</th>
                                        </tr>
                                        </thead>
                                        <tbody>
                                                    <tr>
                                                        <td>Feb 26, 2019 03:36:53 PM</td>
                                                        <td class='linked' test-id='40'>To list the available flights.Scenario Outline: To validate flight list.Scenario: To validate flight list.When The user search by route for the details "ATL", "MSP" and "29 October 2018"</td>
                                                        <td><pre><pre>org.openqa.selenium.NoSuchElementException: no such element: Unable to locate element: {"method":"xpath","selector":"//div//table//tbody//tr//td//a[contains(@data-date,'29 October 2018')]"}
  (Session info: chrome=72.0.3626.119)
  (Driver info: chromedriver=2.41.578737 (49da6702b16031c40d63e5618de03a32ff6c197e),platform=Windows NT 6.1.7600 x86_64) (WARNING: The server did not provide any stacktrace information)
Command duration or timeout: 0 milliseconds
For documentation on this error, please visit: http://seleniumhq.org/exceptions/no_such_element.html
Build info: version: '3.8.1', revision: '6e95a6684b', time: '2017-12-01T19:05:32.194Z'
System info: host: 'GREENS-11-PC', ip: '192.168.1.86', os.name: 'Windows 7', os.arch: 'amd64', os.version: '6.1', java.version: '1.8.0_144'
Driver info: org.openqa.selenium.chrome.ChromeDriver
Capabilities {acceptInsecureCerts: false, acceptSslCerts: false, applicationCacheEnabled: false, browserConnectionEnabled: false, browserName: chrome, chrome: {chromedriverVersion: 2.41.578737 (49da6702b16031..., userDataDir: C:\Users\GREENS~1\AppData\L...}, cssSelectorsEnabled: true, databaseEnabled: false, goog:chromeOptions: {debuggerAddress: localhost:54414}, handlesAlerts: true, hasTouchScreen: false, javascriptEnabled: true, locationContextEnabled: true, mobileEmulationEnabled: false, nativeEvents: true, networkConnectionEnabled: false, pageLoadStrategy: normal, platform: XP, platformName: XP, rotatable: false, setWindowRect: true, takesHeapSnapshot: true, takesScreenshot: true, unexpectedAlertBehaviour: , unhandledPromptBehavior: , version: 72.0.3626.119, webStorageEnabled: true}
Session ID: eaf409b98c7f3f17b6939af44a46f246
*** Element info: {Using=xpath, value=//div//table//tbody//tr//td//a[contains(@data-date,'29 October 2018')]}
	at sun.reflect.NativeConstructorAccessorImpl.newInstance0(Native Method)
	at sun.reflect.NativeConstructorAccessorImpl.newInstance(NativeConstructorAccessorImpl.java:62)
	at sun.reflect.DelegatingConstructorAccessorImpl.newInstance(DelegatingConstructorAccessorImpl.java:45)
	at java.lang.reflect.Constructor.newInstance(Constructor.java:423)
	at org.openqa.selenium.remote.ErrorHandler.createThrowable(ErrorHandler.java:214)
	at org.openqa.selenium.remote.ErrorHandler.throwIfResponseFailed(ErrorHandler.java:166)
	at org.openqa.selenium.remote.http.JsonHttpResponseCodec.reconstructValue(JsonHttpResponseCodec.java:40)
	at org.openqa.selenium.remote.http.AbstractHttpResponseCodec.decode(AbstractHttpResponseCodec.java:80)
	at org.openqa.selenium.remote.http.AbstractHttpResponseCodec.decode(AbstractHttpResponseCodec.java:44)
	at org.openqa.selenium.remote.HttpCommandExecutor.execute(HttpCommandExecutor.java:164)
	at org.openqa.selenium.remote.service.DriverCommandExecutor.execute(DriverCommandExecutor.java:83)
	at org.openqa.selenium.remote.RemoteWebDriver.execute(RemoteWebDriver.java:601)
	at org.openqa.selenium.remote.RemoteWebDriver.findElement(RemoteWebDriver.java:371)
	at org.openqa.selenium.remote.RemoteWebDriver.findElementByXPath(RemoteWebDriver.java:473)
	at org.openqa.selenium.By$ByXPath.findElement(By.java:361)
	at org.openqa.selenium.remote.RemoteWebDriver.findElement(RemoteWebDriver.java:363)
	at com.ObjectRepository.HomePage.SelectDateFromWebCalendar(HomePage.java:198)
	at com.stepdefinition.FlightInfoSteps.the_search_by_route_for_the_details_and(FlightInfoSteps.java:20)
	at ?.When The user search by route for the details "ATL", "MSP" and "29 October 2018"(FlightStatus/FlightListvalidation.feature:9)
</pre></pre></td>
                                                    </tr>
                                                    <tr>
                                                        <td>Feb 26, 2019 03:37:20 PM</td>
                                                        <td class='linked' test-id='48'>TO verify single flight status.Scenario Outline: To verify the flight number,source and destination.Scenario: To verify the flight number,source and destination.When The user enters flight number "DL1885" and date "12/01/2018"</td>
                                                        <td><pre><pre>org.openqa.selenium.NoSuchElementException: no such element: Unable to locate element: {"method":"xpath","selector":"//div//table//tbody//tr//td//a[contains(@data-date,'12/01/2018')]"}
  (Session info: chrome=72.0.3626.119)
  (Driver info: chromedriver=2.41.578737 (49da6702b16031c40d63e5618de03a32ff6c197e),platform=Windows NT 6.1.7600 x86_64) (WARNING: The server did not provide any stacktrace information)
Command duration or timeout: 0 milliseconds
For documentation on this error, please visit: http://seleniumhq.org/exceptions/no_such_element.html
Build info: version: '3.8.1', revision: '6e95a6684b', time: '2017-12-01T19:05:32.194Z'
System info: host: 'GREENS-11-PC', ip: '192.168.1.86', os.name: 'Windows 7', os.arch: 'amd64', os.version: '6.1', java.version: '1.8.0_144'
Driver info: org.openqa.selenium.chrome.ChromeDriver
Capabilities {acceptInsecureCerts: false, acceptSslCerts: false, applicationCacheEnabled: false, browserConnectionEnabled: false, browserName: chrome, chrome: {chromedriverVersion: 2.41.578737 (49da6702b16031..., userDataDir: C:\Users\GREENS~1\AppData\L...}, cssSelectorsEnabled: true, databaseEnabled: false, goog:chromeOptions: {debuggerAddress: localhost:55093}, handlesAlerts: true, hasTouchScreen: false, javascriptEnabled: true, locationContextEnabled: true, mobileEmulationEnabled: false, nativeEvents: true, networkConnectionEnabled: false, pageLoadStrategy: normal, platform: XP, platformName: XP, rotatable: false, setWindowRect: true, takesHeapSnapshot: true, takesScreenshot: true, unexpectedAlertBehaviour: , unhandledPromptBehavior: , version: 72.0.3626.119, webStorageEnabled: true}
Session ID: a5f46ef8b72929fd2c496bc7c61b5547
*** Element info: {Using=xpath, value=//div//table//tbody//tr//td//a[contains(@data-date,'12/01/2018')]}
	at sun.reflect.NativeConstructorAccessorImpl.newInstance0(Native Method)
	at sun.reflect.NativeConstructorAccessorImpl.newInstance(NativeConstructorAccessorImpl.java:62)
	at sun.reflect.DelegatingConstructorAccessorImpl.newInstance(DelegatingConstructorAccessorImpl.java:45)
	at java.lang.reflect.Constructor.newInstance(Constructor.java:423)
	at org.openqa.selenium.remote.ErrorHandler.createThrowable(ErrorHandler.java:214)
	at org.openqa.selenium.remote.ErrorHandler.throwIfResponseFailed(ErrorHandler.java:166)
	at org.openqa.selenium.remote.http.JsonHttpResponseCodec.reconstructValue(JsonHttpResponseCodec.java:40)
	at org.openqa.selenium.remote.http.AbstractHttpResponseCodec.decode(AbstractHttpResponseCodec.java:80)
	at org.openqa.selenium.remote.http.AbstractHttpResponseCodec.decode(AbstractHttpResponseCodec.java:44)
	at org.openqa.selenium.remote.HttpCommandExecutor.execute(HttpCommandExecutor.java:164)
	at org.openqa.selenium.remote.service.DriverCommandExecutor.execute(DriverCommandExecutor.java:83)
	at org.openqa.selenium.remote.RemoteWebDriver.execute(RemoteWebDriver.java:601)
	at org.openqa.selenium.remote.RemoteWebDriver.findElement(RemoteWebDriver.java:371)
	at org.openqa.selenium.remote.RemoteWebDriver.findElementByXPath(RemoteWebDriver.java:473)
	at org.openqa.selenium.By$ByXPath.findElement(By.java:361)
	at org.openqa.selenium.remote.RemoteWebDriver.findElement(RemoteWebDriver.java:363)
	at com.ObjectRepository.HomePage.SelectDateFromWebCalendar(HomePage.java:198)
	at com.stepdefinition.HomePageSteps.the_user_enters_flight_number_and_date(HomePageSteps.java:140)
	at ?.When The user enters flight number "DL1885" and date "12/01/2018"(FlightStatus/SingleFlightValidation.feature:7)
</pre></pre></td>
                                                    </tr>
                                                    <tr>
                                                        <td>Feb 26, 2019 03:37:39 PM</td>
                                                        <td class='linked' test-id='53'>TO verify single flight status.Scenario Outline: To verify the flight number,source and destination.Scenario: To verify the flight number,source and destination.When The user enters flight number "DL1866" and date "12/01/2018"</td>
                                                        <td><pre><pre>org.openqa.selenium.NoSuchElementException: no such element: Unable to locate element: {"method":"xpath","selector":"//div//table//tbody//tr//td//a[contains(@data-date,'12/01/2018')]"}
  (Session info: chrome=72.0.3626.119)
  (Driver info: chromedriver=2.41.578737 (49da6702b16031c40d63e5618de03a32ff6c197e),platform=Windows NT 6.1.7600 x86_64) (WARNING: The server did not provide any stacktrace information)
Command duration or timeout: 0 milliseconds
For documentation on this error, please visit: http://seleniumhq.org/exceptions/no_such_element.html
Build info: version: '3.8.1', revision: '6e95a6684b', time: '2017-12-01T19:05:32.194Z'
System info: host: 'GREENS-11-PC', ip: '192.168.1.86', os.name: 'Windows 7', os.arch: 'amd64', os.version: '6.1', java.version: '1.8.0_144'
Driver info: org.openqa.selenium.chrome.ChromeDriver
Capabilities {acceptInsecureCerts: false, acceptSslCerts: false, applicationCacheEnabled: false, browserConnectionEnabled: false, browserName: chrome, chrome: {chromedriverVersion: 2.41.578737 (49da6702b16031..., userDataDir: C:\Users\GREENS~1\AppData\L...}, cssSelectorsEnabled: true, databaseEnabled: false, goog:chromeOptions: {debuggerAddress: localhost:55951}, handlesAlerts: true, hasTouchScreen: false, javascriptEnabled: true, locationContextEnabled: true, mobileEmulationEnabled: false, nativeEvents: true, networkConnectionEnabled: false, pageLoadStrategy: normal, platform: XP, platformName: XP, rotatable: false, setWindowRect: true, takesHeapSnapshot: true, takesScreenshot: true, unexpectedAlertBehaviour: , unhandledPromptBehavior: , version: 72.0.3626.119, webStorageEnabled: true}
Session ID: f39514c8bd05bc475d93cfb8a535a47c
*** Element info: {Using=xpath, value=//div//table//tbody//tr//td//a[contains(@data-date,'12/01/2018')]}
	at sun.reflect.NativeConstructorAccessorImpl.newInstance0(Native Method)
	at sun.reflect.NativeConstructorAccessorImpl.newInstance(NativeConstructorAccessorImpl.java:62)
	at sun.reflect.DelegatingConstructorAccessorImpl.newInstance(DelegatingConstructorAccessorImpl.java:45)
	at java.lang.reflect.Constructor.newInstance(Constructor.java:423)
	at org.openqa.selenium.remote.ErrorHandler.createThrowable(ErrorHandler.java:214)
	at org.openqa.selenium.remote.ErrorHandler.throwIfResponseFailed(ErrorHandler.java:166)
	at org.openqa.selenium.remote.http.JsonHttpResponseCodec.reconstructValue(JsonHttpResponseCodec.java:40)
	at org.openqa.selenium.remote.http.AbstractHttpResponseCodec.decode(AbstractHttpResponseCodec.java:80)
	at org.openqa.selenium.remote.http.AbstractHttpResponseCodec.decode(AbstractHttpResponseCodec.java:44)
	at org.openqa.selenium.remote.HttpCommandExecutor.execute(HttpCommandExecutor.java:164)
	at org.openqa.selenium.remote.service.DriverCommandExecutor.execute(DriverCommandExecutor.java:83)
	at org.openqa.selenium.remote.RemoteWebDriver.execute(RemoteWebDriver.java:601)
	at org.openqa.selenium.remote.RemoteWebDriver.findElement(RemoteWebDriver.java:371)
	at org.openqa.selenium.remote.RemoteWebDriver.findElementByXPath(RemoteWebDriver.java:473)
	at org.openqa.selenium.By$ByXPath.findElement(By.java:361)
	at org.openqa.selenium.remote.RemoteWebDriver.findElement(RemoteWebDriver.java:363)
	at com.ObjectRepository.HomePage.SelectDateFromWebCalendar(HomePage.java:198)
	at com.stepdefinition.HomePageSteps.the_user_enters_flight_number_and_date(HomePageSteps.java:140)
	at ?.When The user enters flight number "DL1866" and date "12/01/2018"(FlightStatus/SingleFlightValidation.feature:7)
</pre></pre></td>
                                                    </tr>
                                        </tbody>
                                    </table>
                                </div>
                            </div>
                        </li>
                </ul>
        </div>
    </div>

    <div class='subview-right left'>
        <div class='view-summary'>
            <h5 class='exception-name'></h5>
        </div>
    </div>
</div>
<!-- exception view -->
<div id='dashboard-view' class='view hide'>
	<div class='card-panel transparent np-v'>
		<h5>Dashboard</h5>

		<div class='row'>
			<div class='col s2'>
				<div class='card-panel r'>
					Tests
					<div class='panel-lead'>51</div>
				</div>
			</div>
			<div class='col s2'>
				<div class='card-panel r'>
					Steps
					<div class='panel-lead'>113</div>
				</div>
			</div>
			<div class='col s2'>
				<div class='card-panel r'>
					Start
					<div class='panel-lead'>Feb 26, 2019 03:31:56 PM</div>
				</div>
			</div>
			<div class='col s2'>
				<div class='card-panel r'>
			 		End
			 		<div class='panel-lead'>Feb 26, 2019 03:39:05 PM</div>
				</div>
			</div>
			<div class='col s2'>
				<div class='card-panel r'>
					Time Taken
					<div class='panel-lead'>429,182ms</div>
				</div>
			</div>
			<div class='col s4'>
				<div class='card-panel'>
					<span class='right label cyan white-text'>Categories</span><p>&nbsp;</p>
					
					<table>
						<tr>
							<th>Name</th>
							<th>Passed</th>
							<th>Failed</th>
							<th>Others</th>
						</tr>
						<tr>
							<td>@tag</td>
							<td>4</td>
							<td>4</td>
							<td>0</td>
						</tr>
						<tr>
							<td>@tag1</td>
							<td>4</td>
							<td>2</td>
							<td>0</td>
						</tr>
						<tr>
							<td>@smoke</td>
							<td>2</td>
							<td>0</td>
							<td>0</td>
						</tr>
						<tr>
							<td>@USHotel12</td>
							<td>1</td>
							<td>0</td>
							<td>0</td>
						</tr>
						<tr>
							<td>@US0004</td>
							<td>0</td>
							<td>1</td>
							<td>0</td>
						</tr>
						<tr>
							<td>@Regression</td>
							<td>0</td>
							<td>1</td>
							<td>0</td>
						</tr>
						<tr>
							<td>@Sprint1</td>
							<td>0</td>
							<td>1</td>
							<td>0</td>
						</tr>
						<tr>
							<td>@Smoke</td>
							<td>0</td>
							<td>1</td>
							<td>0</td>
						</tr>
						<tr>
							<td>@bookaflight</td>
							<td>0</td>
							<td>1</td>
							<td>0</td>
						</tr>
						<tr>
							<td>@hotels</td>
							<td>1</td>
							<td>0</td>
							<td>0</td>
						</tr>
						<tr>
							<td>@error</td>
							<td>1</td>
							<td>0</td>
							<td>0</td>
						</tr>
					</table>
				</div>
			</div>
		</div>
	</div>
</div>
<!-- dashboard view -->
<!-- testrunner-logs view -->
		</div>
		<!-- container -->

		<script>
			var statusGroup = {
				passParent: 33,
				failParent: 6,
				fatalParent: 0,
				errorParent: 0,
				warningParent: 0,
				skipParent: 12,
				exceptionsParent: 18,
				
				passChild: 76,
				failChild: 12,
				fatalChild: 0,
				errorChild: 0,
				warningChild: 0,
				skipChild: 12,
				infoChild: 13,
				exceptionsChild: 24,
				
				passGrandChild: 0,
				failGrandChild: 0,
				fatalGrandChild: 0,
				errorGrandChild: 0,
				warningGrandChild: 0,
				skipGrandChild: 0,
				infoGrandChild: 0,
				exceptionsGrandChild: 0,
			};
		</script>
		
			<script src='https://cdn.rawgit.com/anshooarora/extentreports-java/5ed7b0c339b51aa347b44ccaa2e2ff29905b2f9f/dist/js/extent.js' type='text/javascript'></script>
		
		
	</body>
	
</html>
